{"timestamp":"2025-09-08T17:07:27.654Z","action":"start","durationHours":8,"sleepSeconds":180,"stopOnError":false,"pushBranch":"windows"}
{"timestamp":"2025-09-08T17:07:27.657Z","action":"cycle_start","cycle":1}
{"timestamp":"2025-09-08T17:07:27.659Z","action":"run","taskId":"rsvp_scheduler_dryrun","cycle":1}
{"timestamp":"2025-09-08T17:07:57.882Z","action":"task_end","taskId":"rsvp_scheduler_dryrun","status":"error","exitCode":9}
{"timestamp":"2025-09-08T17:07:57.884Z","action":"run","taskId":"validate_schemas","cycle":1}
{"timestamp":"2025-09-08T17:08:26.049Z","action":"task_end","taskId":"validate_schemas","status":"error","exitCode":9}
{"timestamp":"2025-09-08T17:08:26.050Z","action":"run","taskId":"unit_rules","cycle":1}
{"timestamp":"2025-09-08T17:08:31.541Z","action":"task_end","taskId":"unit_rules","status":"error","exitCode":9}
{"timestamp":"2025-09-08T17:08:31.542Z","action":"cycle_end","cycle":1,"progressed":false,"completed":0,"failures":3}
{"timestamp":"2025-09-08T17:11:31.545Z","action":"cycle_start","cycle":2}
{"timestamp":"2025-09-08T17:11:31.548Z","action":"run","taskId":"rsvp_scheduler_dryrun","cycle":2}
{"timestamp":"2025-09-08T17:12:00.952Z","action":"task_end","taskId":"rsvp_scheduler_dryrun","status":"error","exitCode":9}
{"timestamp":"2025-09-08T17:12:00.953Z","action":"run","taskId":"validate_schemas","cycle":2}
{"timestamp":"2025-09-08T17:12:29.017Z","action":"task_end","taskId":"validate_schemas","status":"error","exitCode":9}
{"timestamp":"2025-09-08T17:12:29.019Z","action":"run","taskId":"unit_rules","cycle":2}
{"timestamp":"2025-09-08T17:12:34.394Z","action":"task_end","taskId":"unit_rules","status":"error","exitCode":9}
{"timestamp":"2025-09-08T17:12:34.396Z","action":"cycle_end","cycle":2,"progressed":false,"completed":0,"failures":6}
{"timestamp":"2025-09-08T17:15:34.401Z","action":"cycle_start","cycle":3}
{"timestamp":"2025-09-08T17:15:34.405Z","action":"run","taskId":"rsvp_scheduler_dryrun","cycle":3}
{"timestamp":"2025-09-08T17:16:10.590Z","action":"task_end","taskId":"rsvp_scheduler_dryrun","status":"error","exitCode":9}
{"timestamp":"2025-09-08T17:16:10.592Z","action":"run","taskId":"validate_schemas","cycle":3}
{"timestamp":"2025-09-08T17:26:25.200Z","action":"start","durationHours":8,"sleepSeconds":180,"stopOnError":false,"pushBranch":"windows"}
{"timestamp":"2025-09-08T17:26:25.202Z","action":"cycle_start","cycle":1}
{"timestamp":"2025-09-08T17:26:25.203Z","action":"run","taskId":"rsvp_scheduler_dryrun","cycle":1}
{"timestamp":"2025-09-08T17:26:52.912Z","action":"task_end","taskId":"rsvp_scheduler_dryrun","status":"error","exitCode":9}
{"timestamp":"2025-09-08T17:26:52.913Z","action":"run","taskId":"validate_schemas","cycle":1}
{"timestamp":"2025-09-08T17:27:19.025Z","action":"task_end","taskId":"validate_schemas","status":"error","exitCode":9}
{"timestamp":"2025-09-08T17:27:19.026Z","action":"run","taskId":"unit_rules","cycle":1}
{"timestamp":"2025-09-08T17:27:24.089Z","action":"task_end","taskId":"unit_rules","status":"error","exitCode":9}
{"timestamp":"2025-09-08T17:27:24.090Z","action":"cycle_end","cycle":1,"progressed":false,"completed":0,"failures":3}
{"timestamp":"2025-09-08T17:30:24.095Z","action":"cycle_start","cycle":2}
{"timestamp":"2025-09-08T17:30:24.098Z","action":"run","taskId":"rsvp_scheduler_dryrun","cycle":2}
{"timestamp":"2025-09-08T17:30:54.517Z","action":"task_end","taskId":"rsvp_scheduler_dryrun","status":"error","exitCode":9}
{"timestamp":"2025-09-08T17:30:54.518Z","action":"run","taskId":"validate_schemas","cycle":2}
{"timestamp":"2025-09-08T17:31:24.907Z","action":"task_end","taskId":"validate_schemas","status":"error","exitCode":9}
{"timestamp":"2025-09-08T17:31:24.909Z","action":"run","taskId":"unit_rules","cycle":2}
{"timestamp":"2025-09-08T17:31:30.869Z","action":"task_end","taskId":"unit_rules","status":"error","exitCode":9}
{"timestamp":"2025-09-08T17:31:30.870Z","action":"cycle_end","cycle":2,"progressed":false,"completed":0,"failures":6}
{"timestamp":"2025-09-08T17:32:19.593Z","action":"start","durationHours":8,"sleepSeconds":180,"stopOnError":false,"pushBranch":"windows"}
{"timestamp":"2025-09-08T17:32:19.596Z","action":"cycle_start","cycle":1}
{"timestamp":"2025-09-08T17:32:19.599Z","action":"run","taskId":"rsvp_scheduler_dryrun","cycle":1}
{"timestamp":"2025-09-08T17:32:51.008Z","action":"task_end","taskId":"rsvp_scheduler_dryrun","status":"error","exitCode":9}
{"timestamp":"2025-09-08T17:32:51.009Z","action":"run","taskId":"validate_schemas","cycle":1}
{"timestamp":"2025-09-08T17:33:22.856Z","action":"task_end","taskId":"validate_schemas","status":"error","exitCode":9}
{"timestamp":"2025-09-08T17:33:22.857Z","action":"run","taskId":"unit_rules","cycle":1}
{"timestamp":"2025-09-08T17:33:29.018Z","action":"task_end","taskId":"unit_rules","status":"error","exitCode":9}
{"timestamp":"2025-09-08T17:33:29.020Z","action":"cycle_end","cycle":1,"progressed":false,"completed":0,"failures":3}
{"timestamp":"2025-09-08T17:36:29.024Z","action":"cycle_start","cycle":2}
{"timestamp":"2025-09-08T17:36:29.027Z","action":"run","taskId":"rsvp_scheduler_dryrun","cycle":2}
{"timestamp":"2025-09-08T17:37:00.207Z","action":"task_end","taskId":"rsvp_scheduler_dryrun","status":"error","exitCode":9}
{"timestamp":"2025-09-08T17:37:00.209Z","action":"run","taskId":"validate_schemas","cycle":2}
{"timestamp":"2025-09-08T17:37:30.204Z","action":"task_end","taskId":"validate_schemas","status":"error","exitCode":9}
{"timestamp":"2025-09-08T17:37:30.206Z","action":"run","taskId":"unit_rules","cycle":2}
{"timestamp":"2025-09-08T17:37:36.454Z","action":"task_end","taskId":"unit_rules","status":"error","exitCode":9}
{"timestamp":"2025-09-08T17:37:36.456Z","action":"cycle_end","cycle":2,"progressed":false,"completed":0,"failures":6}
