[2025-09-08T23:05:29.400Z] CMD: npm run cypress:run -- --spec "cypress/e2e/rsvp/rsvp_reminders.cy.js" --browser edge --headless
[STDOUT]

> mywed360@0.1.0 cypress:run
> cypress run --spec cypress/e2e/rsvp/rsvp_reminders.cy.js --browser edge --headless



====================================================================================================

  (Run Starting)

  ┌────────────────────────────────────────────────────────────────────────────────────────────────┐
  │ Cypress:        13.17.0                                                                        │
  │ Browser:        Edge 140 (headless)                                                            │
  │ Node Version:   v22.16.0 (C:\Program Files\nodejs\node.exe)                                    │
  │ Specs:          1 found (rsvp_reminders.cy.js)                                                 │
  │ Searched:       C:\Users\Administrator\Documents\Lovenda\lovenda13123123 - copia\cypress\e2e\r │
  │                 svp\rsvp_reminders.cy.js                                                       │
  └────────────────────────────────────────────────────────────────────────────────────────────────┘


────────────────────────────────────────────────────────────────────────────────────────────────────
                                                                                                    
  Running:  rsvp_reminders.cy.js                                                            (1 of 1)


  RSVP - Recordatorios por email (protegido)
    1) crea planner mock, genera invitado pendiente y ejecuta reminders en dryRun


  0 passing (5s)
  1 failing

  1) RSVP - Recordatorios por email (protegido)
       crea planner mock, genera invitado pendiente y ejecuta reminders en dryRun:

      Timed out retrying after 4000ms
      + expected - actual

      -500
      +[ 200, 401 ]
      
      at Context.eval (webpack://mywed360/./cypress/e2e/rsvp/rsvp_reminders.cy.js:12:21)




  (Results)

  ┌────────────────────────────────────────────────────────────────────────────────────────────────┐
  │ Tests:        1                                                                                │
  │ Passing:      0                                                                                │
  │ Failing:      1                                                                                │
  │ Pending:      0                                                                                │
  │ Skipped:      0                                                                                │
  │ Screenshots:  1                                                                                │
  │ Video:        false                                                                            │
  │ Duration:     4 seconds                                                                        │
  │ Spec Ran:     rsvp_reminders.cy.js                                                             │
  └────────────────────────────────────────────────────────────────────────────────────────────────┘


  (Screenshots)

  -  C:\Users\Administrator\Documents\Lovenda\lovenda13123123 - copia\cypress\screens     (1256x627)
     hots\rsvp_reminders.cy.js\RSVP - Recordatorios por email (protegido) -- crea pla               
     nner mock, genera invitado pendiente y ejecuta reminders en dryRun (failed).png                


====================================================================================================

  (Run Finished)


       Spec                                              Tests  Passing  Failing  Pending  Skipped  
  ┌────────────────────────────────────────────────────────────────────────────────────────────────┐
  │ ×  rsvp_reminders.cy.js                     00:04        1        -        1        -        - │
  └────────────────────────────────────────────────────────────────────────────────────────────────┘
    ×  1 of 1 failed (100%)                     00:04        1        -        1        -        -  


[STDERR]

DevTools listening on ws://127.0.0.1:52593/devtools/browser/a4421a4d-63fa-4976-9a5d-912c6a1beb52

[EXIT 1]

[2025-09-08T23:10:23.601Z] CMD: npm run cypress:run -- --spec "cypress/e2e/rsvp/rsvp_reminders.cy.js" --browser edge --headless
[STDOUT]

> mywed360@0.1.0 cypress:run
> cypress run --spec cypress/e2e/rsvp/rsvp_reminders.cy.js --browser edge --headless



====================================================================================================

  (Run Starting)

  ┌────────────────────────────────────────────────────────────────────────────────────────────────┐
  │ Cypress:        13.17.0                                                                        │
  │ Browser:        Edge 140 (headless)                                                            │
  │ Node Version:   v22.16.0 (C:\Program Files\nodejs\node.exe)                                    │
  │ Specs:          1 found (rsvp_reminders.cy.js)                                                 │
  │ Searched:       C:\Users\Administrator\Documents\Lovenda\lovenda13123123 - copia\cypress\e2e\r │
  │                 svp\rsvp_reminders.cy.js                                                       │
  └────────────────────────────────────────────────────────────────────────────────────────────────┘


────────────────────────────────────────────────────────────────────────────────────────────────────
                                                                                                    
  Running:  rsvp_reminders.cy.js                                                            (1 of 1)


  RSVP - Recordatorios por email (protegido)
    1) crea planner mock, genera invitado pendiente y ejecuta reminders en dryRun


  0 passing (5s)
  1 failing

  1) RSVP - Recordatorios por email (protegido)
       crea planner mock, genera invitado pendiente y ejecuta reminders en dryRun:

      Timed out retrying after 4000ms
      + expected - actual

      -404
      +[ 200, 401 ]
      
      at Context.eval (webpack://mywed360/./cypress/e2e/rsvp/rsvp_reminders.cy.js:12:21)




  (Results)

  ┌────────────────────────────────────────────────────────────────────────────────────────────────┐
  │ Tests:        1                                                                                │
  │ Passing:      0                                                                                │
  │ Failing:      1                                                                                │
  │ Pending:      0                                                                                │
  │ Skipped:      0                                                                                │
  │ Screenshots:  1                                                                                │
  │ Video:        false                                                                            │
  │ Duration:     5 seconds                                                                        │
  │ Spec Ran:     rsvp_reminders.cy.js                                                             │
  └────────────────────────────────────────────────────────────────────────────────────────────────┘


  (Screenshots)

  -  C:\Users\Administrator\Documents\Lovenda\lovenda13123123 - copia\cypress\screens     (1256x627)
     hots\rsvp_reminders.cy.js\RSVP - Recordatorios por email (protegido) -- crea pla               
     nner mock, genera invitado pendiente y ejecuta reminders en dryRun (failed).png                


====================================================================================================

  (Run Finished)


       Spec                                              Tests  Passing  Failing  Pending  Skipped  
  ┌────────────────────────────────────────────────────────────────────────────────────────────────┐
  │ ×  rsvp_reminders.cy.js                     00:05        1        -        1        -        - │
  └────────────────────────────────────────────────────────────────────────────────────────────────┘
    ×  1 of 1 failed (100%)                     00:05        1        -        1        -        -  


[STDERR]

DevTools listening on ws://127.0.0.1:55505/devtools/browser/1ee56b4f-d55e-4320-914c-90833631a524

[EXIT 1]

