[2025-09-08T23:07:10.191Z] CMD: npm run cypress:run -- --spec "cypress/e2e/seating/seating_capacity_limit.cy.js" --browser edge --headless
[STDOUT]

> mywed360@0.1.0 cypress:run
> cypress run --spec cypress/e2e/seating/seating_capacity_limit.cy.js --browser edge --headless



====================================================================================================

  (Run Starting)

  ┌────────────────────────────────────────────────────────────────────────────────────────────────┐
  │ Cypress:        13.17.0                                                                        │
  │ Browser:        Edge 140 (headless)                                                            │
  │ Node Version:   v22.16.0 (C:\Program Files\nodejs\node.exe)                                    │
  │ Specs:          1 found (seating_capacity_limit.cy.js)                                         │
  │ Searched:       C:\Users\Administrator\Documents\Lovenda\lovenda13123123 - copia\cypress\e2e\s │
  │                 eating\seating_capacity_limit.cy.js                                            │
  └────────────────────────────────────────────────────────────────────────────────────────────────┘


────────────────────────────────────────────────────────────────────────────────────────────────────
                                                                                                    
  Running:  seating_capacity_limit.cy.js                                                    (1 of 1)


  Seating Plan - Límite de capacidad por mesa
    1) bloquea la asignación cuando seats está completo y muestra toast de error


  0 passing (446ms)
  1 failing

  1) Seating Plan - Límite de capacidad por mesa
       bloquea la asignación cuando seats está completo y muestra toast de error:
     CypressError: `cy.request()` failed on:

http://localhost:5173/api/rsvp/dev/create

The response we received from your web server was:

  > 500: Internal Server Error

This was considered a failure because the status code was not `2xx` or `3xx`.

If you do not want status codes to cause failures pass the option: `failOnStatusCode: false`

-----------------------------------------------------------

The request we sent was:

Method: POST
URL: http://localhost:5173/api/rsvp/dev/create
Headers: {
  "Connection": "keep-alive",
  "user-agent": "Mozilla/5.0 (Windows NT 10.0; Win64; x64) AppleWebKit/537.36 (KHTML, like Gecko) HeadlessChrome/140.0.0.0 Safari/537.36 Edg/140.0.0.0",
  "accept": "*/*",
  "accept-encoding": "gzip, deflate",
  "content-type": "application/json",
  "content-length": 88
}
Body: {"weddingId":"test-wedding-capacity","name":"Invitado Cap 1","email":"cap1@example.com"}

-----------------------------------------------------------

The response we got was:

Status: 500 - Internal Server Error
Headers: {
  "vary": "Origin",
  "content-type": "text/plain",
  "date": "Mon, 08 Sep 2025 23:07:09 GMT",
  "connection": "keep-alive",
  "keep-alive": "timeout=5",
  "transfer-encoding": "chunked"
}


https://on.cypress.io/request
      at <unknown> (http://localhost:5173/__cypress/runner/cypress_runner.js:132876:72)
      at tryCatcher (http://localhost:5173/__cypress/runner/cypress_runner.js:1830:23)
      at Promise._settlePromiseFromHandler (http://localhost:5173/__cypress/runner/cypress_runner.js:1542:31)
      at Promise._settlePromise (http://localhost:5173/__cypress/runner/cypress_runner.js:1599:18)
      at Promise._settlePromise0 (http://localhost:5173/__cypress/runner/cypress_runner.js:1644:10)
      at Promise._settlePromises (http://localhost:5173/__cypress/runner/cypress_runner.js:1724:18)
      at _drainQueueStep (http://localhost:5173/__cypress/runner/cypress_runner.js:2430:12)
      at _drainQueue (http://localhost:5173/__cypress/runner/cypress_runner.js:2423:9)
      at Async._drainQueues (http://localhost:5173/__cypress/runner/cypress_runner.js:2439:5)
      at Async.drainQueues (http://localhost:5173/__cypress/runner/cypress_runner.js:2309:14)
  From Your Spec Code:
      at eval (webpack://mywed360/./cypress/e2e/seating/seating_capacity_limit.cy.js:15:9)
  at Array.forEach (<anonymous>)
      at ensureGuests (webpack://mywed360/./cypress/e2e/seating/seating_capacity_limit.cy.js:14:10)
      at Context.eval (webpack://mywed360/./cypress/e2e/seating/seating_capacity_limit.cy.js:25:4)




  (Results)

  ┌────────────────────────────────────────────────────────────────────────────────────────────────┐
  │ Tests:        1                                                                                │
  │ Passing:      0                                                                                │
  │ Failing:      1                                                                                │
  │ Pending:      0                                                                                │
  │ Skipped:      0                                                                                │
  │ Screenshots:  1                                                                                │
  │ Video:        false                                                                            │
  │ Duration:     0 seconds                                                                        │
  │ Spec Ran:     seating_capacity_limit.cy.js                                                     │
  └────────────────────────────────────────────────────────────────────────────────────────────────┘


  (Screenshots)

  -  C:\Users\Administrator\Documents\Lovenda\lovenda13123123 - copia\cypress\screens     (1256x627)
     hots\seating_capacity_limit.cy.js\Seating Plan - Límite de capacidad por mesa --               
      bloquea la asignación cuando seats está completo y muestra toast de error (fail               
     ed).png                                                                                        


====================================================================================================

  (Run Finished)


       Spec                                              Tests  Passing  Failing  Pending  Skipped  
  ┌────────────────────────────────────────────────────────────────────────────────────────────────┐
  │ ×  seating_capacity_limit.cy.js             450ms        1        -        1        -        - │
  └────────────────────────────────────────────────────────────────────────────────────────────────┘
    ×  1 of 1 failed (100%)                     450ms        1        -        1        -        -  


[STDERR]

DevTools listening on ws://127.0.0.1:53610/devtools/browser/f3df60ad-ab07-4939-bb26-52c19afc741b

[EXIT 1]

[2025-09-08T23:12:32.702Z] CMD: npm run cypress:run -- --spec "cypress/e2e/seating/seating_capacity_limit.cy.js" --browser edge --headless
[STDOUT]

> mywed360@0.1.0 cypress:run
> cypress run --spec cypress/e2e/seating/seating_capacity_limit.cy.js --browser edge --headless



====================================================================================================

  (Run Starting)

  ┌────────────────────────────────────────────────────────────────────────────────────────────────┐
  │ Cypress:        13.17.0                                                                        │
  │ Browser:        Edge 140 (headless)                                                            │
  │ Node Version:   v22.16.0 (C:\Program Files\nodejs\node.exe)                                    │
  │ Specs:          1 found (seating_capacity_limit.cy.js)                                         │
  │ Searched:       C:\Users\Administrator\Documents\Lovenda\lovenda13123123 - copia\cypress\e2e\s │
  │                 eating\seating_capacity_limit.cy.js                                            │
  └────────────────────────────────────────────────────────────────────────────────────────────────┘


────────────────────────────────────────────────────────────────────────────────────────────────────
                                                                                                    
  Running:  seating_capacity_limit.cy.js                                                    (1 of 1)


  Seating Plan - Límite de capacidad por mesa
    1) bloquea la asignación cuando seats está completo y muestra toast de error


  0 passing (861ms)
  1 failing

  1) Seating Plan - Límite de capacidad por mesa
       bloquea la asignación cuando seats está completo y muestra toast de error:
     CypressError: `cy.request()` failed on:

https://mywed360-backend.onrender.com/api/rsvp/dev/create

The response we received from your web server was:

  > 404: Not Found

This was considered a failure because the status code was not `2xx` or `3xx`.

If you do not want status codes to cause failures pass the option: `failOnStatusCode: false`

-----------------------------------------------------------

The request we sent was:

Method: POST
URL: https://mywed360-backend.onrender.com/api/rsvp/dev/create
Headers: {
  "Connection": "keep-alive",
  "user-agent": "Mozilla/5.0 (Windows NT 10.0; Win64; x64) AppleWebKit/537.36 (KHTML, like Gecko) HeadlessChrome/140.0.0.0 Safari/537.36 Edg/140.0.0.0",
  "accept": "*/*",
  "accept-encoding": "gzip, deflate",
  "content-type": "application/json",
  "content-length": 88
}
Body: {"weddingId":"test-wedding-capacity","name":"Invitado Cap 1","email":"cap1@example.com"}

-----------------------------------------------------------

The response we got was:

Status: 404 - Not Found
Headers: {
  "date": "Mon, 08 Sep 2025 23:12:30 GMT",
  "content-type": "text/html; charset=utf-8",
  "transfer-encoding": "chunked",
  "connection": "keep-alive",
  "access-control-allow-credentials": "true",
  "access-control-allow-origin": "http://localhost:5173",
  "content-security-policy": "default-src 'none'",
  "rndr-id": "248aa569-d0b4-4143",
  "vary": "Origin, Accept-Encoding",
  "x-content-type-options": "nosniff",
  "x-powered-by": "Express",
  "x-render-origin-server": "Render",
  "x-request-id": "9a56723c-c1af-4019-88b7-963c9b2fd04f",
  "cf-cache-status": "DYNAMIC",
  "server": "cloudflare",
  "cf-ray": "97c2218e4f8fcbb2-MAD",
  "content-encoding": "gzip",
  "alt-svc": "h3=\":443\"; ma=86400"
}
Body: <!DOCTYPE html>
<html lang="en">
<head>
<meta charset="utf-8">
<title>Error</title>
</head>
<body>
<pre>Cannot POST /api/rsvp/dev/create</pre>
</body>
</html>

https://on.cypress.io/request
      at <unknown> (http://localhost:5173/__cypress/runner/cypress_runner.js:132876:72)
      at tryCatcher (http://localhost:5173/__cypress/runner/cypress_runner.js:1830:23)
      at Promise._settlePromiseFromHandler (http://localhost:5173/__cypress/runner/cypress_runner.js:1542:31)
      at Promise._settlePromise (http://localhost:5173/__cypress/runner/cypress_runner.js:1599:18)
      at Promise._settlePromise0 (http://localhost:5173/__cypress/runner/cypress_runner.js:1644:10)
      at Promise._settlePromises (http://localhost:5173/__cypress/runner/cypress_runner.js:1724:18)
      at _drainQueueStep (http://localhost:5173/__cypress/runner/cypress_runner.js:2430:12)
      at _drainQueue (http://localhost:5173/__cypress/runner/cypress_runner.js:2423:9)
      at Async._drainQueues (http://localhost:5173/__cypress/runner/cypress_runner.js:2439:5)
      at Async.drainQueues (http://localhost:5173/__cypress/runner/cypress_runner.js:2309:14)
  From Your Spec Code:
      at eval (webpack://mywed360/./cypress/e2e/seating/seating_capacity_limit.cy.js:15:9)
  at Array.forEach (<anonymous>)
      at ensureGuests (webpack://mywed360/./cypress/e2e/seating/seating_capacity_limit.cy.js:14:10)
      at Context.eval (webpack://mywed360/./cypress/e2e/seating/seating_capacity_limit.cy.js:25:4)




  (Results)

  ┌────────────────────────────────────────────────────────────────────────────────────────────────┐
  │ Tests:        1                                                                                │
  │ Passing:      0                                                                                │
  │ Failing:      1                                                                                │
  │ Pending:      0                                                                                │
  │ Skipped:      0                                                                                │
  │ Screenshots:  1                                                                                │
  │ Video:        false                                                                            │
  │ Duration:     0 seconds                                                                        │
  │ Spec Ran:     seating_capacity_limit.cy.js                                                     │
  └────────────────────────────────────────────────────────────────────────────────────────────────┘


  (Screenshots)

  -  C:\Users\Administrator\Documents\Lovenda\lovenda13123123 - copia\cypress\screens     (1256x627)
     hots\seating_capacity_limit.cy.js\Seating Plan - Límite de capacidad por mesa --               
      bloquea la asignación cuando seats está completo y muestra toast de error (fail               
     ed).png                                                                                        


====================================================================================================

  (Run Finished)


       Spec                                              Tests  Passing  Failing  Pending  Skipped  
  ┌────────────────────────────────────────────────────────────────────────────────────────────────┐
  │ ×  seating_capacity_limit.cy.js             866ms        1        -        1        -        - │
  └────────────────────────────────────────────────────────────────────────────────────────────────┘
    ×  1 of 1 failed (100%)                     866ms        1        -        1        -        -  


[STDERR]

DevTools listening on ws://127.0.0.1:57314/devtools/browser/40d6b242-9d9e-4c06-9ad5-53e93ab80cdb

[EXIT 1]

