[2025-09-08T23:06:51.856Z] CMD: npm run cypress:run -- --spec "cypress/e2e/seating/seating_assign_unassign.cy.js" --browser edge --headless
[STDOUT]

> mywed360@0.1.0 cypress:run
> cypress run --spec cypress/e2e/seating/seating_assign_unassign.cy.js --browser edge --headless



====================================================================================================

  (Run Starting)

  ┌────────────────────────────────────────────────────────────────────────────────────────────────┐
  │ Cypress:        13.17.0                                                                        │
  │ Browser:        Edge 140 (headless)                                                            │
  │ Node Version:   v22.16.0 (C:\Program Files\nodejs\node.exe)                                    │
  │ Specs:          1 found (seating_assign_unassign.cy.js)                                        │
  │ Searched:       C:\Users\Administrator\Documents\Lovenda\lovenda13123123 - copia\cypress\e2e\s │
  │                 eating\seating_assign_unassign.cy.js                                           │
  └────────────────────────────────────────────────────────────────────────────────────────────────┘


────────────────────────────────────────────────────────────────────────────────────────────────────
                                                                                                    
  Running:  seating_assign_unassign.cy.js                                                   (1 of 1)


  Seating Plan - Asignar y Desasignar
    1) asigna por click desde Pendientes y desasigna con botón de mesa


  0 passing (10s)
  1 failing

  1) Seating Plan - Asignar y Desasignar
       asigna por click desde Pendientes y desasigna con botón de mesa:
     AssertionError: Timed out retrying after 4000ms: Expected to find element: `button[title="Plantillas"]`, but never found it.
      at Context.eval (webpack://mywed360/./cypress/e2e/seating/seating_assign_unassign.cy.js:7:7)




  (Results)

  ┌────────────────────────────────────────────────────────────────────────────────────────────────┐
  │ Tests:        1                                                                                │
  │ Passing:      0                                                                                │
  │ Failing:      1                                                                                │
  │ Pending:      0                                                                                │
  │ Skipped:      0                                                                                │
  │ Screenshots:  1                                                                                │
  │ Video:        false                                                                            │
  │ Duration:     9 seconds                                                                        │
  │ Spec Ran:     seating_assign_unassign.cy.js                                                    │
  └────────────────────────────────────────────────────────────────────────────────────────────────┘


  (Screenshots)

  -  C:\Users\Administrator\Documents\Lovenda\lovenda13123123 - copia\cypress\screens     (1256x627)
     hots\seating_assign_unassign.cy.js\Seating Plan - Asignar y Desasignar -- asigna               
      por click desde Pendientes y desasigna con botón de mesa (failed).png                         


====================================================================================================

  (Run Finished)


       Spec                                              Tests  Passing  Failing  Pending  Skipped  
  ┌────────────────────────────────────────────────────────────────────────────────────────────────┐
  │ ×  seating_assign_unassign.cy.js            00:09        1        -        1        -        - │
  └────────────────────────────────────────────────────────────────────────────────────────────────┘
    ×  1 of 1 failed (100%)                     00:09        1        -        1        -        -  


[STDERR]

DevTools listening on ws://127.0.0.1:53329/devtools/browser/763e420c-fa4d-4c5e-808f-15995cb228aa

[EXIT 1]

[2025-09-08T23:12:08.176Z] CMD: npm run cypress:run -- --spec "cypress/e2e/seating/seating_assign_unassign.cy.js" --browser edge --headless
[STDOUT]

> mywed360@0.1.0 cypress:run
> cypress run --spec cypress/e2e/seating/seating_assign_unassign.cy.js --browser edge --headless



====================================================================================================

  (Run Starting)

  ┌────────────────────────────────────────────────────────────────────────────────────────────────┐
  │ Cypress:        13.17.0                                                                        │
  │ Browser:        Edge 140 (headless)                                                            │
  │ Node Version:   v22.16.0 (C:\Program Files\nodejs\node.exe)                                    │
  │ Specs:          1 found (seating_assign_unassign.cy.js)                                        │
  │ Searched:       C:\Users\Administrator\Documents\Lovenda\lovenda13123123 - copia\cypress\e2e\s │
  │                 eating\seating_assign_unassign.cy.js                                           │
  └────────────────────────────────────────────────────────────────────────────────────────────────┘


────────────────────────────────────────────────────────────────────────────────────────────────────
                                                                                                    
  Running:  seating_assign_unassign.cy.js                                                   (1 of 1)


  Seating Plan - Asignar y Desasignar
    1) asigna por click desde Pendientes y desasigna con botón de mesa


  0 passing (11s)
  1 failing

  1) Seating Plan - Asignar y Desasignar
       asigna por click desde Pendientes y desasigna con botón de mesa:
     AssertionError: Timed out retrying after 4000ms: Expected to find element: `button[title="Plantillas"]`, but never found it.
      at Context.eval (webpack://mywed360/./cypress/e2e/seating/seating_assign_unassign.cy.js:7:7)




  (Results)

  ┌────────────────────────────────────────────────────────────────────────────────────────────────┐
  │ Tests:        1                                                                                │
  │ Passing:      0                                                                                │
  │ Failing:      1                                                                                │
  │ Pending:      0                                                                                │
  │ Skipped:      0                                                                                │
  │ Screenshots:  1                                                                                │
  │ Video:        false                                                                            │
  │ Duration:     11 seconds                                                                       │
  │ Spec Ran:     seating_assign_unassign.cy.js                                                    │
  └────────────────────────────────────────────────────────────────────────────────────────────────┘


  (Screenshots)

  -  C:\Users\Administrator\Documents\Lovenda\lovenda13123123 - copia\cypress\screens     (1256x627)
     hots\seating_assign_unassign.cy.js\Seating Plan - Asignar y Desasignar -- asigna               
      por click desde Pendientes y desasigna con botón de mesa (failed).png                         


====================================================================================================

  (Run Finished)


       Spec                                              Tests  Passing  Failing  Pending  Skipped  
  ┌────────────────────────────────────────────────────────────────────────────────────────────────┐
  │ ×  seating_assign_unassign.cy.js            00:11        1        -        1        -        - │
  └────────────────────────────────────────────────────────────────────────────────────────────────┘
    ×  1 of 1 failed (100%)                     00:11        1        -        1        -        -  


[STDERR]

DevTools listening on ws://127.0.0.1:56940/devtools/browser/9cb377d9-2c5f-4f94-aaeb-49b00f95609d

[EXIT 1]

[2025-09-09T01:25:54.396Z] CMD: npm run cypress:run -- --spec "cypress/e2e/seating/seating_assign_unassign.cy.js" --browser edge --headless
[STDOUT]

> mywed360@0.1.0 cypress:run
> cypress run --spec cypress/e2e/seating/seating_assign_unassign.cy.js --browser edge --headless



====================================================================================================

  (Run Starting)

  ┌────────────────────────────────────────────────────────────────────────────────────────────────┐
  │ Cypress:        13.17.0                                                                        │
  │ Browser:        Edge 140 (headless)                                                            │
  │ Node Version:   v22.16.0 (C:\Program Files\nodejs\node.exe)                                    │
  │ Specs:          1 found (seating_assign_unassign.cy.js)                                        │
  │ Searched:       C:\Users\Administrator\Documents\Lovenda\lovenda13123123 - copia\cypress\e2e\s │
  │                 eating\seating_assign_unassign.cy.js                                           │
  └────────────────────────────────────────────────────────────────────────────────────────────────┘


────────────────────────────────────────────────────────────────────────────────────────────────────
                                                                                                    
  Running:  seating_assign_unassign.cy.js                                                   (1 of 1)


  Seating Plan - Asignar y Desasignar
    1) asigna por click desde Pendientes y desasigna con botón de mesa


  0 passing (10s)
  1 failing

  1) Seating Plan - Asignar y Desasignar
       asigna por click desde Pendientes y desasigna con botón de mesa:
     AssertionError: Timed out retrying after 4000ms: Expected to find element: `button[title="Plantillas"]`, but never found it.
      at Context.eval (webpack://mywed360/./cypress/e2e/seating/seating_assign_unassign.cy.js:7:7)




  (Results)

  ┌────────────────────────────────────────────────────────────────────────────────────────────────┐
  │ Tests:        1                                                                                │
  │ Passing:      0                                                                                │
  │ Failing:      1                                                                                │
  │ Pending:      0                                                                                │
  │ Skipped:      0                                                                                │
  │ Screenshots:  1                                                                                │
  │ Video:        false                                                                            │
  │ Duration:     10 seconds                                                                       │
  │ Spec Ran:     seating_assign_unassign.cy.js                                                    │
  └────────────────────────────────────────────────────────────────────────────────────────────────┘


  (Screenshots)

  -  C:\Users\Administrator\Documents\Lovenda\lovenda13123123 - copia\cypress\screens     (1256x627)
     hots\seating_assign_unassign.cy.js\Seating Plan - Asignar y Desasignar -- asigna               
      por click desde Pendientes y desasigna con botón de mesa (failed).png                         


====================================================================================================

  (Run Finished)


       Spec                                              Tests  Passing  Failing  Pending  Skipped  
  ┌────────────────────────────────────────────────────────────────────────────────────────────────┐
  │ ×  seating_assign_unassign.cy.js            00:10        1        -        1        -        - │
  └────────────────────────────────────────────────────────────────────────────────────────────────┘
    ×  1 of 1 failed (100%)                     00:10        1        -        1        -        -  


[STDERR]

DevTools listening on ws://127.0.0.1:61947/devtools/browser/957cb0ca-8506-4ed3-8ef1-fc2922173b19

[EXIT 1]

[2025-09-09T01:42:16.059Z] CMD: npm run cypress:run -- --spec "cypress/e2e/seating/seating_assign_unassign.cy.js" --browser edge --headless
[STDOUT]

> mywed360@0.1.0 cypress:run
> cypress run --spec cypress/e2e/seating/seating_assign_unassign.cy.js --browser edge --headless



====================================================================================================

  (Run Starting)

  ┌────────────────────────────────────────────────────────────────────────────────────────────────┐
  │ Cypress:        13.17.0                                                                        │
  │ Browser:        Edge 140 (headless)                                                            │
  │ Node Version:   v22.16.0 (C:\Program Files\nodejs\node.exe)                                    │
  │ Specs:          1 found (seating_assign_unassign.cy.js)                                        │
  │ Searched:       C:\Users\Administrator\Documents\Lovenda\lovenda13123123 - copia\cypress\e2e\s │
  │                 eating\seating_assign_unassign.cy.js                                           │
  └────────────────────────────────────────────────────────────────────────────────────────────────┘


────────────────────────────────────────────────────────────────────────────────────────────────────
                                                                                                    
  Running:  seating_assign_unassign.cy.js                                                   (1 of 1)


  Seating Plan - Asignar y Desasignar
    1) asigna por click desde Pendientes y desasigna con botón de mesa


  0 passing (21s)
  1 failing

  1) Seating Plan - Asignar y Desasignar
       asigna por click desde Pendientes y desasigna con botón de mesa:
     AssertionError: Timed out retrying after 15000ms: Expected to find element: `button[title="Plantillas"]`, but never found it.
      at Context.eval (webpack://mywed360/./cypress/e2e/seating/seating_assign_unassign.cy.js:12:61)




  (Results)

  ┌────────────────────────────────────────────────────────────────────────────────────────────────┐
  │ Tests:        1                                                                                │
  │ Passing:      0                                                                                │
  │ Failing:      1                                                                                │
  │ Pending:      0                                                                                │
  │ Skipped:      0                                                                                │
  │ Screenshots:  1                                                                                │
  │ Video:        false                                                                            │
  │ Duration:     20 seconds                                                                       │
  │ Spec Ran:     seating_assign_unassign.cy.js                                                    │
  └────────────────────────────────────────────────────────────────────────────────────────────────┘


  (Screenshots)

  -  C:\Users\Administrator\Documents\Lovenda\lovenda13123123 - copia\cypress\screens     (1256x627)
     hots\seating_assign_unassign.cy.js\Seating Plan - Asignar y Desasignar -- asigna               
      por click desde Pendientes y desasigna con botón de mesa (failed).png                         


====================================================================================================

  (Run Finished)


       Spec                                              Tests  Passing  Failing  Pending  Skipped  
  ┌────────────────────────────────────────────────────────────────────────────────────────────────┐
  │ ×  seating_assign_unassign.cy.js            00:20        1        -        1        -        - │
  └────────────────────────────────────────────────────────────────────────────────────────────────┘
    ×  1 of 1 failed (100%)                     00:20        1        -        1        -        -  


[STDERR]

DevTools listening on ws://127.0.0.1:64595/devtools/browser/b4f35b86-b809-40c1-a1b2-d47d1b2ba1d3

[EXIT 1]

[2025-09-09T01:58:17.713Z] CMD: npm run cypress:run -- --spec "cypress/e2e/seating/seating_assign_unassign.cy.js" --browser edge --headless
[STDOUT]

> mywed360@0.1.0 cypress:run
> cypress run --spec cypress/e2e/seating/seating_assign_unassign.cy.js --browser edge --headless



====================================================================================================

  (Run Starting)

  ┌────────────────────────────────────────────────────────────────────────────────────────────────┐
  │ Cypress:        13.17.0                                                                        │
  │ Browser:        Edge 140 (headless)                                                            │
  │ Node Version:   v22.16.0 (C:\Program Files\nodejs\node.exe)                                    │
  │ Specs:          1 found (seating_assign_unassign.cy.js)                                        │
  │ Searched:       C:\Users\Administrator\Documents\Lovenda\lovenda13123123 - copia\cypress\e2e\s │
  │                 eating\seating_assign_unassign.cy.js                                           │
  └────────────────────────────────────────────────────────────────────────────────────────────────┘


────────────────────────────────────────────────────────────────────────────────────────────────────
                                                                                                    
  Running:  seating_assign_unassign.cy.js                                                   (1 of 1)


  Seating Plan - Asignar y Desasignar
    1) asigna por click desde Pendientes y desasigna con botón de mesa


  0 passing (10s)
  1 failing

  1) Seating Plan - Asignar y Desasignar
       asigna por click desde Pendientes y desasigna con botón de mesa:
     CypressError: Timed out retrying after 4050ms: `cy.click()` failed because the page updated while this command was executing. Cypress tried to locate elements based on this query:

> <button.flex.items-center.gap-1.px-2.py-1.text-sm.rounded.hover:bg-gray-100>

We initially found matching element(s), but while waiting for them to become actionable, they disappeared from the page. Common situations why this happens:
  - Your JS framework re-rendered asynchronously
  - Your app code reacted to an event firing and removed the element

You can typically solve this by breaking up a chain. For example, rewrite:

> `cy.get('button').click().click()`

to

> `cy.get('button').as('btn').click()`
> `cy.get('@btn').click()`

https://on.cypress.io/element-has-detached-from-dom
      at retryActionability (http://localhost:5173/__cypress/runner/cypress_runner.js:113331:74)
      at tryCatcher (http://localhost:5173/__cypress/runner/cypress_runner.js:1830:23)
      at Promise.attempt.Promise.try (http://localhost:5173/__cypress/runner/cypress_runner.js:4338:29)
      at whenStable (http://localhost:5173/__cypress/runner/cypress_runner.js:143744:68)
      at <unknown> (http://localhost:5173/__cypress/runner/cypress_runner.js:143685:14)
      at tryCatcher (http://localhost:5173/__cypress/runner/cypress_runner.js:1830:23)
      at Promise._settlePromiseFromHandler (http://localhost:5173/__cypress/runner/cypress_runner.js:1542:31)
      at Promise._settlePromise (http://localhost:5173/__cypress/runner/cypress_runner.js:1599:18)
      at Promise._settlePromise0 (http://localhost:5173/__cypress/runner/cypress_runner.js:1644:10)
      at Promise._settlePromises (http://localhost:5173/__cypress/runner/cypress_runner.js:1724:18)
      at Promise._fulfill (http://localhost:5173/__cypress/runner/cypress_runner.js:1668:18)
      at <unknown> (http://localhost:5173/__cypress/runner/cypress_runner.js:5473:46)
  From Your Spec Code:
      at Context.eval (webpack://mywed360/./cypress/e2e/seating/seating_assign_unassign.cy.js:12:82)




  (Results)

  ┌────────────────────────────────────────────────────────────────────────────────────────────────┐
  │ Tests:        1                                                                                │
  │ Passing:      0                                                                                │
  │ Failing:      1                                                                                │
  │ Pending:      0                                                                                │
  │ Skipped:      0                                                                                │
  │ Screenshots:  1                                                                                │
  │ Video:        false                                                                            │
  │ Duration:     9 seconds                                                                        │
  │ Spec Ran:     seating_assign_unassign.cy.js                                                    │
  └────────────────────────────────────────────────────────────────────────────────────────────────┘


  (Screenshots)

  -  C:\Users\Administrator\Documents\Lovenda\lovenda13123123 - copia\cypress\screens     (1256x627)
     hots\seating_assign_unassign.cy.js\Seating Plan - Asignar y Desasignar -- asigna               
      por click desde Pendientes y desasigna con botón de mesa (failed).png                         


====================================================================================================

  (Run Finished)


       Spec                                              Tests  Passing  Failing  Pending  Skipped  
  ┌────────────────────────────────────────────────────────────────────────────────────────────────┐
  │ ×  seating_assign_unassign.cy.js            00:09        1        -        1        -        - │
  └────────────────────────────────────────────────────────────────────────────────────────────────┘
    ×  1 of 1 failed (100%)                     00:09        1        -        1        -        -  


[STDERR]

DevTools listening on ws://127.0.0.1:50280/devtools/browser/bca8c4f2-f940-463c-90a5-89d56d57dcb2

[EXIT 1]

[2025-09-09T02:04:46.600Z] CMD: npm run cypress:run -- --spec "cypress/e2e/seating/seating_assign_unassign.cy.js" --browser edge --headless
[STDOUT]

> mywed360@0.1.0 cypress:run
> cypress run --spec cypress/e2e/seating/seating_assign_unassign.cy.js --browser edge --headless



====================================================================================================

  (Run Starting)

  ┌────────────────────────────────────────────────────────────────────────────────────────────────┐
  │ Cypress:        13.17.0                                                                        │
  │ Browser:        Edge 140 (headless)                                                            │
  │ Node Version:   v22.16.0 (C:\Program Files\nodejs\node.exe)                                    │
  │ Specs:          1 found (seating_assign_unassign.cy.js)                                        │
  │ Searched:       C:\Users\Administrator\Documents\Lovenda\lovenda13123123 - copia\cypress\e2e\s │
  │                 eating\seating_assign_unassign.cy.js                                           │
  └────────────────────────────────────────────────────────────────────────────────────────────────┘


────────────────────────────────────────────────────────────────────────────────────────────────────
                                                                                                    
  Running:  seating_assign_unassign.cy.js                                                   (1 of 1)


  Seating Plan - Asignar y Desasignar
    1) asigna por click desde Pendientes y desasigna con botón de mesa


  0 passing (21s)
  1 failing

  1) Seating Plan - Asignar y Desasignar
       asigna por click desde Pendientes y desasigna con botón de mesa:
     AssertionError: Timed out retrying after 15000ms: Expected to find element: `button[title="Plantillas"]`, but never found it.
      at Context.eval (webpack://mywed360/./cypress/e2e/seating/seating_assign_unassign.cy.js:12:61)




  (Results)

  ┌────────────────────────────────────────────────────────────────────────────────────────────────┐
  │ Tests:        1                                                                                │
  │ Passing:      0                                                                                │
  │ Failing:      1                                                                                │
  │ Pending:      0                                                                                │
  │ Skipped:      0                                                                                │
  │ Screenshots:  1                                                                                │
  │ Video:        false                                                                            │
  │ Duration:     20 seconds                                                                       │
  │ Spec Ran:     seating_assign_unassign.cy.js                                                    │
  └────────────────────────────────────────────────────────────────────────────────────────────────┘


  (Screenshots)

  -  C:\Users\Administrator\Documents\Lovenda\lovenda13123123 - copia\cypress\screens     (1256x627)
     hots\seating_assign_unassign.cy.js\Seating Plan - Asignar y Desasignar -- asigna               
      por click desde Pendientes y desasigna con botón de mesa (failed).png                         


====================================================================================================

  (Run Finished)


       Spec                                              Tests  Passing  Failing  Pending  Skipped  
  ┌────────────────────────────────────────────────────────────────────────────────────────────────┐
  │ ×  seating_assign_unassign.cy.js            00:20        1        -        1        -        - │
  └────────────────────────────────────────────────────────────────────────────────────────────────┘
    ×  1 of 1 failed (100%)                     00:20        1        -        1        -        -  


[STDERR]

DevTools listening on ws://127.0.0.1:51615/devtools/browser/883f4546-b252-4de7-8927-f2bebd112adb

[EXIT 1]

[2025-09-09T02:18:28.391Z] CMD: npm run cypress:run -- --spec "cypress/e2e/seating/seating_assign_unassign.cy.js" --browser edge --headless
[STDOUT]

> mywed360@0.1.0 cypress:run
> cypress run --spec cypress/e2e/seating/seating_assign_unassign.cy.js --browser edge --headless



====================================================================================================

  (Run Starting)

  ┌────────────────────────────────────────────────────────────────────────────────────────────────┐
  │ Cypress:        13.17.0                                                                        │
  │ Browser:        Edge 140 (headless)                                                            │
  │ Node Version:   v22.16.0 (C:\Program Files\nodejs\node.exe)                                    │
  │ Specs:          1 found (seating_assign_unassign.cy.js)                                        │
  │ Searched:       C:\Users\Administrator\Documents\Lovenda\lovenda13123123 - copia\cypress\e2e\s │
  │                 eating\seating_assign_unassign.cy.js                                           │
  └────────────────────────────────────────────────────────────────────────────────────────────────┘


────────────────────────────────────────────────────────────────────────────────────────────────────
                                                                                                    
  Running:  seating_assign_unassign.cy.js                                                   (1 of 1)


  Seating Plan - Asignar y Desasignar
    1) asigna por click desde Pendientes y desasigna con botón de mesa


  0 passing (21s)
  1 failing

  1) Seating Plan - Asignar y Desasignar
       asigna por click desde Pendientes y desasigna con botón de mesa:
     AssertionError: Timed out retrying after 15000ms: Expected to find element: `button[title="Plantillas"]`, but never found it.
      at Context.eval (webpack://mywed360/./cypress/e2e/seating/seating_assign_unassign.cy.js:12:61)




  (Results)

  ┌────────────────────────────────────────────────────────────────────────────────────────────────┐
  │ Tests:        1                                                                                │
  │ Passing:      0                                                                                │
  │ Failing:      1                                                                                │
  │ Pending:      0                                                                                │
  │ Skipped:      0                                                                                │
  │ Screenshots:  1                                                                                │
  │ Video:        false                                                                            │
  │ Duration:     21 seconds                                                                       │
  │ Spec Ran:     seating_assign_unassign.cy.js                                                    │
  └────────────────────────────────────────────────────────────────────────────────────────────────┘


  (Screenshots)

  -  C:\Users\Administrator\Documents\Lovenda\lovenda13123123 - copia\cypress\screens     (1256x627)
     hots\seating_assign_unassign.cy.js\Seating Plan - Asignar y Desasignar -- asigna               
      por click desde Pendientes y desasigna con botón de mesa (failed).png                         


====================================================================================================

  (Run Finished)


       Spec                                              Tests  Passing  Failing  Pending  Skipped  
  ┌────────────────────────────────────────────────────────────────────────────────────────────────┐
  │ ×  seating_assign_unassign.cy.js            00:21        1        -        1        -        - │
  └────────────────────────────────────────────────────────────────────────────────────────────────┘
    ×  1 of 1 failed (100%)                     00:21        1        -        1        -        -  


[STDERR]

DevTools listening on ws://127.0.0.1:53623/devtools/browser/07c6241d-3f8e-46e1-980d-75df4c69762c

[EXIT 1]

[2025-09-09T02:27:35.178Z] CMD: npm run cypress:run -- --spec "cypress/e2e/seating/seating_assign_unassign.cy.js" --browser edge --headless
[STDOUT]

> mywed360@0.1.0 cypress:run
> cypress run --spec cypress/e2e/seating/seating_assign_unassign.cy.js --browser edge --headless



====================================================================================================

  (Run Starting)

  ┌────────────────────────────────────────────────────────────────────────────────────────────────┐
  │ Cypress:        13.17.0                                                                        │
  │ Browser:        Edge 140 (headless)                                                            │
  │ Node Version:   v22.16.0 (C:\Program Files\nodejs\node.exe)                                    │
  │ Specs:          1 found (seating_assign_unassign.cy.js)                                        │
  │ Searched:       C:\Users\Administrator\Documents\Lovenda\lovenda13123123 - copia\cypress\e2e\s │
  │                 eating\seating_assign_unassign.cy.js                                           │
  └────────────────────────────────────────────────────────────────────────────────────────────────┘


────────────────────────────────────────────────────────────────────────────────────────────────────
                                                                                                    
  Running:  seating_assign_unassign.cy.js                                                   (1 of 1)


  Seating Plan - Asignar y Desasignar
    1) asigna por click desde Pendientes y desasigna con botón de mesa


  0 passing (21s)
  1 failing

  1) Seating Plan - Asignar y Desasignar
       asigna por click desde Pendientes y desasigna con botón de mesa:
     AssertionError: Timed out retrying after 15000ms: Expected to find element: `button[title="Plantillas"]`, but never found it.
      at Context.eval (webpack://mywed360/./cypress/e2e/seating/seating_assign_unassign.cy.js:12:61)




  (Results)

  ┌────────────────────────────────────────────────────────────────────────────────────────────────┐
  │ Tests:        1                                                                                │
  │ Passing:      0                                                                                │
  │ Failing:      1                                                                                │
  │ Pending:      0                                                                                │
  │ Skipped:      0                                                                                │
  │ Screenshots:  1                                                                                │
  │ Video:        false                                                                            │
  │ Duration:     20 seconds                                                                       │
  │ Spec Ran:     seating_assign_unassign.cy.js                                                    │
  └────────────────────────────────────────────────────────────────────────────────────────────────┘


  (Screenshots)

  -  C:\Users\Administrator\Documents\Lovenda\lovenda13123123 - copia\cypress\screens     (1256x627)
     hots\seating_assign_unassign.cy.js\Seating Plan - Asignar y Desasignar -- asigna               
      por click desde Pendientes y desasigna con botón de mesa (failed).png                         


====================================================================================================

  (Run Finished)


       Spec                                              Tests  Passing  Failing  Pending  Skipped  
  ┌────────────────────────────────────────────────────────────────────────────────────────────────┐
  │ ×  seating_assign_unassign.cy.js            00:20        1        -        1        -        - │
  └────────────────────────────────────────────────────────────────────────────────────────────────┘
    ×  1 of 1 failed (100%)                     00:20        1        -        1        -        -  


[STDERR]

DevTools listening on ws://127.0.0.1:55088/devtools/browser/3e9b01eb-20e4-426b-ada0-78d2d1d8960a

[EXIT 1]

