[2025-09-08T23:08:32.924Z] CMD: npm run cypress:run -- --spec "cypress/e2e/seating/seating_obstacles_no_overlap.cy.js" --browser edge --headless
[STDOUT]

> mywed360@0.1.0 cypress:run
> cypress run --spec cypress/e2e/seating/seating_obstacles_no_overlap.cy.js --browser edge --headless



====================================================================================================

  (Run Starting)

  ┌────────────────────────────────────────────────────────────────────────────────────────────────┐
  │ Cypress:        13.17.0                                                                        │
  │ Browser:        Edge 140 (headless)                                                            │
  │ Node Version:   v22.16.0 (C:\Program Files\nodejs\node.exe)                                    │
  │ Specs:          1 found (seating_obstacles_no_overlap.cy.js)                                   │
  │ Searched:       C:\Users\Administrator\Documents\Lovenda\lovenda13123123 - copia\cypress\e2e\s │
  │                 eating\seating_obstacles_no_overlap.cy.js                                      │
  └────────────────────────────────────────────────────────────────────────────────────────────────┘


────────────────────────────────────────────────────────────────────────────────────────────────────
                                                                                                    
  Running:  seating_obstacles_no_overlap.cy.js                                              (1 of 1)


  Seating Plan - Plantillas respetan obstáculos (sin solape)
    1) dibuja obstáculos, aplica plantilla y verifica que mesas no los pisan


  0 passing (16s)
  1 failing

  1) Seating Plan - Plantillas respetan obstáculos (sin solape)
       dibuja obstáculos, aplica plantilla y verifica que mesas no los pisan:
     AssertionError: Timed out retrying after 10000ms: Expected to find content: 'Obstáculos' within the selector: 'button' but never did.
      at Context.eval (webpack://mywed360/./cypress/e2e/seating/seating_obstacles_no_overlap.cy.js:13:60)




  (Results)

  ┌────────────────────────────────────────────────────────────────────────────────────────────────┐
  │ Tests:        1                                                                                │
  │ Passing:      0                                                                                │
  │ Failing:      1                                                                                │
  │ Pending:      0                                                                                │
  │ Skipped:      0                                                                                │
  │ Screenshots:  1                                                                                │
  │ Video:        false                                                                            │
  │ Duration:     16 seconds                                                                       │
  │ Spec Ran:     seating_obstacles_no_overlap.cy.js                                               │
  └────────────────────────────────────────────────────────────────────────────────────────────────┘


  (Screenshots)

  -  C:\Users\Administrator\Documents\Lovenda\lovenda13123123 - copia\cypress\screens     (1256x627)
     hots\seating_obstacles_no_overlap.cy.js\Seating Plan - Plantillas respetan obstá               
     culos (sin solape) -- dibuja obstáculos, aplica plantilla y verifica que mesas n               
     o los pisan (failed).png                                                                       


====================================================================================================

  (Run Finished)


       Spec                                              Tests  Passing  Failing  Pending  Skipped  
  ┌────────────────────────────────────────────────────────────────────────────────────────────────┐
  │ ×  seating_obstacles_no_overlap.cy.js       00:16        1        -        1        -        - │
  └────────────────────────────────────────────────────────────────────────────────────────────────┘
    ×  1 of 1 failed (100%)                     00:16        1        -        1        -        -  


[STDERR]

DevTools listening on ws://127.0.0.1:54070/devtools/browser/ffa297af-68f4-4b8b-83e3-d6663604f2b5

[EXIT 1]

[2025-09-08T23:13:51.217Z] CMD: npm run cypress:run -- --spec "cypress/e2e/seating/seating_obstacles_no_overlap.cy.js" --browser edge --headless
[STDOUT]

> mywed360@0.1.0 cypress:run
> cypress run --spec cypress/e2e/seating/seating_obstacles_no_overlap.cy.js --browser edge --headless



====================================================================================================

  (Run Starting)

  ┌────────────────────────────────────────────────────────────────────────────────────────────────┐
  │ Cypress:        13.17.0                                                                        │
  │ Browser:        Edge 140 (headless)                                                            │
  │ Node Version:   v22.16.0 (C:\Program Files\nodejs\node.exe)                                    │
  │ Specs:          1 found (seating_obstacles_no_overlap.cy.js)                                   │
  │ Searched:       C:\Users\Administrator\Documents\Lovenda\lovenda13123123 - copia\cypress\e2e\s │
  │                 eating\seating_obstacles_no_overlap.cy.js                                      │
  └────────────────────────────────────────────────────────────────────────────────────────────────┘


────────────────────────────────────────────────────────────────────────────────────────────────────
                                                                                                    
  Running:  seating_obstacles_no_overlap.cy.js                                              (1 of 1)


  Seating Plan - Plantillas respetan obstáculos (sin solape)
    1) dibuja obstáculos, aplica plantilla y verifica que mesas no los pisan


  0 passing (19s)
  1 failing

  1) Seating Plan - Plantillas respetan obstáculos (sin solape)
       dibuja obstáculos, aplica plantilla y verifica que mesas no los pisan:
     AssertionError: Timed out retrying after 10000ms: Expected to find content: 'Obstáculos' within the selector: 'button' but never did.
      at Context.eval (webpack://mywed360/./cypress/e2e/seating/seating_obstacles_no_overlap.cy.js:13:60)




  (Results)

  ┌────────────────────────────────────────────────────────────────────────────────────────────────┐
  │ Tests:        1                                                                                │
  │ Passing:      0                                                                                │
  │ Failing:      1                                                                                │
  │ Pending:      0                                                                                │
  │ Skipped:      0                                                                                │
  │ Screenshots:  1                                                                                │
  │ Video:        false                                                                            │
  │ Duration:     18 seconds                                                                       │
  │ Spec Ran:     seating_obstacles_no_overlap.cy.js                                               │
  └────────────────────────────────────────────────────────────────────────────────────────────────┘


  (Screenshots)

  -  C:\Users\Administrator\Documents\Lovenda\lovenda13123123 - copia\cypress\screens     (1256x627)
     hots\seating_obstacles_no_overlap.cy.js\Seating Plan - Plantillas respetan obstá               
     culos (sin solape) -- dibuja obstáculos, aplica plantilla y verifica que mesas n               
     o los pisan (failed).png                                                                       


====================================================================================================

  (Run Finished)


       Spec                                              Tests  Passing  Failing  Pending  Skipped  
  ┌────────────────────────────────────────────────────────────────────────────────────────────────┐
  │ ×  seating_obstacles_no_overlap.cy.js       00:18        1        -        1        -        - │
  └────────────────────────────────────────────────────────────────────────────────────────────────┘
    ×  1 of 1 failed (100%)                     00:18        1        -        1        -        -  


[STDERR]

DevTools listening on ws://127.0.0.1:58035/devtools/browser/f6d3b405-cac8-40ae-af45-d8468efb9ff2

[EXIT 1]

