[2025-09-08T23:11:49.969Z] CMD: npm run cypress:run -- --spec "cypress/e2e/email/send-email.cy.js" --browser edge --headless
[STDOUT]

> mywed360@0.1.0 cypress:run
> cypress run --spec cypress/e2e/email/send-email.cy.js --browser edge --headless



====================================================================================================

  (Run Starting)

  ┌────────────────────────────────────────────────────────────────────────────────────────────────┐
  │ Cypress:        13.17.0                                                                        │
  │ Browser:        Edge 140 (headless)                                                            │
  │ Node Version:   v22.16.0 (C:\Program Files\nodejs\node.exe)                                    │
  │ Specs:          1 found (send-email.cy.js)                                                     │
  │ Searched:       C:\Users\Administrator\Documents\Lovenda\lovenda13123123 - copia\cypress\e2e\e │
  │                 mail\send-email.cy.js                                                          │
  └────────────────────────────────────────────────────────────────────────────────────────────────┘


────────────────────────────────────────────────────────────────────────────────────────────────────
                                                                                                    
  Running:  send-email.cy.js                                                                (1 of 1)


  Flujo de envío de correo electrónico
    1) permite al usuario enviar un correo electrónico a un proveedor
    2) muestra advertencia si intenta enviar un correo sin destinatario
    3) permite adjuntar archivos al correo electrónico


  0 passing (43s)
  3 failing

  1) Flujo de envío de correo electrónico
       permite al usuario enviar un correo electrónico a un proveedor:
     AssertionError: Timed out retrying after 10000ms: Expected to find element: `[data-testid="email-list"]`, but never found it.
      at Context.eval (webpack://mywed360/./cypress/support/commands.js:87:59)

  2) Flujo de envío de correo electrónico
       muestra advertencia si intenta enviar un correo sin destinatario:
     AssertionError: Timed out retrying after 10000ms: Expected to find element: `[data-testid="email-list"]`, but never found it.
      at Context.eval (webpack://mywed360/./cypress/support/commands.js:87:59)

  3) Flujo de envío de correo electrónico
       permite adjuntar archivos al correo electrónico:
     AssertionError: Timed out retrying after 10000ms: Expected to find element: `[data-testid="email-list"]`, but never found it.
      at Context.eval (webpack://mywed360/./cypress/support/commands.js:87:59)




  (Results)

  ┌────────────────────────────────────────────────────────────────────────────────────────────────┐
  │ Tests:        3                                                                                │
  │ Passing:      0                                                                                │
  │ Failing:      3                                                                                │
  │ Pending:      0                                                                                │
  │ Skipped:      0                                                                                │
  │ Screenshots:  3                                                                                │
  │ Video:        false                                                                            │
  │ Duration:     42 seconds                                                                       │
  │ Spec Ran:     send-email.cy.js                                                                 │
  └────────────────────────────────────────────────────────────────────────────────────────────────┘


  (Screenshots)

  -  C:\Users\Administrator\Documents\Lovenda\lovenda13123123 - copia\cypress\screens     (1256x627)
     hots\send-email.cy.js\Flujo de envío de correo electrónico -- permite al usuario               
      enviar un correo electrónico a un proveedor (failed).png                                      
  -  C:\Users\Administrator\Documents\Lovenda\lovenda13123123 - copia\cypress\screens     (1256x627)
     hots\send-email.cy.js\Flujo de envío de correo electrónico -- muestra advertenci               
     a si intenta enviar un correo sin destinatario (failed).png                                    
  -  C:\Users\Administrator\Documents\Lovenda\lovenda13123123 - copia\cypress\screens     (1256x627)
     hots\send-email.cy.js\Flujo de envío de correo electrónico -- permite adjuntar a               
     rchivos al correo electrónico (failed).png                                                     


====================================================================================================

  (Run Finished)


       Spec                                              Tests  Passing  Failing  Pending  Skipped  
  ┌────────────────────────────────────────────────────────────────────────────────────────────────┐
  │ ×  send-email.cy.js                         00:42        3        -        3        -        - │
  └────────────────────────────────────────────────────────────────────────────────────────────────┘
    ×  1 of 1 failed (100%)                     00:42        3        -        3        -        -  


[STDERR]

DevTools listening on ws://127.0.0.1:56174/devtools/browser/490f7a8b-258e-4ba0-abc0-47c1119b11f0

[EXIT 3]

[2025-09-08T23:17:05.568Z] CMD: npm run cypress:run -- --spec "cypress/e2e/email/send-email.cy.js" --browser edge --headless
[STDOUT]

> mywed360@0.1.0 cypress:run
> cypress run --spec cypress/e2e/email/send-email.cy.js --browser edge --headless



====================================================================================================

  (Run Starting)

  ┌────────────────────────────────────────────────────────────────────────────────────────────────┐
  │ Cypress:        13.17.0                                                                        │
  │ Browser:        Edge 140 (headless)                                                            │
  │ Node Version:   v22.16.0 (C:\Program Files\nodejs\node.exe)                                    │
  │ Specs:          1 found (send-email.cy.js)                                                     │
  │ Searched:       C:\Users\Administrator\Documents\Lovenda\lovenda13123123 - copia\cypress\e2e\e │
  │                 mail\send-email.cy.js                                                          │
  └────────────────────────────────────────────────────────────────────────────────────────────────┘


────────────────────────────────────────────────────────────────────────────────────────────────────
                                                                                                    
  Running:  send-email.cy.js                                                                (1 of 1)


  Flujo de envío de correo electrónico
    1) permite al usuario enviar un correo electrónico a un proveedor
    2) muestra advertencia si intenta enviar un correo sin destinatario
    3) permite adjuntar archivos al correo electrónico


  0 passing (44s)
  3 failing

  1) Flujo de envío de correo electrónico
       permite al usuario enviar un correo electrónico a un proveedor:
     AssertionError: Timed out retrying after 10000ms: Expected to find element: `[data-testid="email-list"]`, but never found it.
      at Context.eval (webpack://mywed360/./cypress/support/commands.js:87:59)

  2) Flujo de envío de correo electrónico
       muestra advertencia si intenta enviar un correo sin destinatario:
     AssertionError: Timed out retrying after 10000ms: Expected to find element: `[data-testid="email-list"]`, but never found it.
      at Context.eval (webpack://mywed360/./cypress/support/commands.js:87:59)

  3) Flujo de envío de correo electrónico
       permite adjuntar archivos al correo electrónico:
     AssertionError: Timed out retrying after 10000ms: Expected to find element: `[data-testid="email-list"]`, but never found it.
      at Context.eval (webpack://mywed360/./cypress/support/commands.js:87:59)




  (Results)

  ┌────────────────────────────────────────────────────────────────────────────────────────────────┐
  │ Tests:        3                                                                                │
  │ Passing:      0                                                                                │
  │ Failing:      3                                                                                │
  │ Pending:      0                                                                                │
  │ Skipped:      0                                                                                │
  │ Screenshots:  3                                                                                │
  │ Video:        false                                                                            │
  │ Duration:     43 seconds                                                                       │
  │ Spec Ran:     send-email.cy.js                                                                 │
  └────────────────────────────────────────────────────────────────────────────────────────────────┘


  (Screenshots)

  -  C:\Users\Administrator\Documents\Lovenda\lovenda13123123 - copia\cypress\screens     (1256x627)
     hots\send-email.cy.js\Flujo de envío de correo electrónico -- permite al usuario               
      enviar un correo electrónico a un proveedor (failed).png                                      
  -  C:\Users\Administrator\Documents\Lovenda\lovenda13123123 - copia\cypress\screens     (1256x627)
     hots\send-email.cy.js\Flujo de envío de correo electrónico -- muestra advertenci               
     a si intenta enviar un correo sin destinatario (failed).png                                    
  -  C:\Users\Administrator\Documents\Lovenda\lovenda13123123 - copia\cypress\screens     (1256x627)
     hots\send-email.cy.js\Flujo de envío de correo electrónico -- permite adjuntar a               
     rchivos al correo electrónico (failed).png                                                     


====================================================================================================

  (Run Finished)


       Spec                                              Tests  Passing  Failing  Pending  Skipped  
  ┌────────────────────────────────────────────────────────────────────────────────────────────────┐
  │ ×  send-email.cy.js                         00:43        3        -        3        -        - │
  └────────────────────────────────────────────────────────────────────────────────────────────────┘
    ×  1 of 1 failed (100%)                     00:43        3        -        3        -        -  


[STDERR]

DevTools listening on ws://127.0.0.1:60469/devtools/browser/fb3d583c-70b1-4d10-bdbd-f8a06703cba6

[EXIT 3]

