[2025-09-08T23:09:23.743Z] CMD: npm run cypress:run -- --spec "cypress/e2e/rsvp/rsvp_invalid_token.cy.js" --browser edge --headless
[STDOUT]

> mywed360@0.1.0 cypress:run
> cypress run --spec cypress/e2e/rsvp/rsvp_invalid_token.cy.js --browser edge --headless



====================================================================================================

  (Run Starting)

  ┌────────────────────────────────────────────────────────────────────────────────────────────────┐
  │ Cypress:        13.17.0                                                                        │
  │ Browser:        Edge 140 (headless)                                                            │
  │ Node Version:   v22.16.0 (C:\Program Files\nodejs\node.exe)                                    │
  │ Specs:          1 found (rsvp_invalid_token.cy.js)                                             │
  │ Searched:       C:\Users\Administrator\Documents\Lovenda\lovenda13123123 - copia\cypress\e2e\r │
  │                 svp\rsvp_invalid_token.cy.js                                                   │
  └────────────────────────────────────────────────────────────────────────────────────────────────┘


────────────────────────────────────────────────────────────────────────────────────────────────────
                                                                                                    
  Running:  rsvp_invalid_token.cy.js                                                        (1 of 1)


  RSVP - Token inválido
    √ muestra mensaje de error cuando el token no existe (7180ms)


  1 passing (7s)


  (Results)

  ┌────────────────────────────────────────────────────────────────────────────────────────────────┐
  │ Tests:        1                                                                                │
  │ Passing:      1                                                                                │
  │ Failing:      0                                                                                │
  │ Pending:      0                                                                                │
  │ Skipped:      0                                                                                │
  │ Screenshots:  0                                                                                │
  │ Video:        false                                                                            │
  │ Duration:     7 seconds                                                                        │
  │ Spec Ran:     rsvp_invalid_token.cy.js                                                         │
  └────────────────────────────────────────────────────────────────────────────────────────────────┘


====================================================================================================

  (Run Finished)


       Spec                                              Tests  Passing  Failing  Pending  Skipped  
  ┌────────────────────────────────────────────────────────────────────────────────────────────────┐
  │ √  rsvp_invalid_token.cy.js                 00:07        1        1        -        -        - │
  └────────────────────────────────────────────────────────────────────────────────────────────────┘
    √  All specs passed!                        00:07        1        1        -        -        -  


[STDERR]

DevTools listening on ws://127.0.0.1:54747/devtools/browser/c70cd5a8-822a-48e4-bd40-6fed30f82ab8

[EXIT 0]

