[2025-09-08T23:08:53.763Z] CMD: npm run cypress:run -- --spec "cypress/e2e/rsvp/rsvp_confirm_by_token.cy.js" --browser edge --headless
[STDOUT]

> mywed360@0.1.0 cypress:run
> cypress run --spec cypress/e2e/rsvp/rsvp_confirm_by_token.cy.js --browser edge --headless



====================================================================================================

  (Run Starting)

  ┌────────────────────────────────────────────────────────────────────────────────────────────────┐
  │ Cypress:        13.17.0                                                                        │
  │ Browser:        Edge 140 (headless)                                                            │
  │ Node Version:   v22.16.0 (C:\Program Files\nodejs\node.exe)                                    │
  │ Specs:          1 found (rsvp_confirm_by_token.cy.js)                                          │
  │ Searched:       C:\Users\Administrator\Documents\Lovenda\lovenda13123123 - copia\cypress\e2e\r │
  │                 svp\rsvp_confirm_by_token.cy.js                                                │
  └────────────────────────────────────────────────────────────────────────────────────────────────┘


────────────────────────────────────────────────────────────────────────────────────────────────────
                                                                                                    
  Running:  rsvp_confirm_by_token.cy.js                                                     (1 of 1)


  RSVP - Confirmación por token público
    1) crea invitado dev, visita enlace y confirma asistencia


  0 passing (703ms)
  1 failing

  1) RSVP - Confirmación por token público
       crea invitado dev, visita enlace y confirma asistencia:
     CypressError: `cy.request()` failed on:

http://localhost:5173/api/rsvp/dev/create

The response we received from your web server was:

  > 500: Internal Server Error

This was considered a failure because the status code was not `2xx` or `3xx`.

If you do not want status codes to cause failures pass the option: `failOnStatusCode: false`

-----------------------------------------------------------

The request we sent was:

Method: POST
URL: http://localhost:5173/api/rsvp/dev/create
Headers: {
  "Connection": "keep-alive",
  "user-agent": "Mozilla/5.0 (Windows NT 10.0; Win64; x64) AppleWebKit/537.36 (KHTML, like Gecko) HeadlessChrome/140.0.0.0 Safari/537.36 Edg/140.0.0.0",
  "accept": "*/*",
  "accept-encoding": "gzip, deflate",
  "content-type": "application/json",
  "content-length": 112
}
Body: {"weddingId":"test-e2e","name":"Invitado Cypress","phone":"+34600111222","email":"invitado+cypress@example.com"}

-----------------------------------------------------------

The response we got was:

Status: 500 - Internal Server Error
Headers: {
  "vary": "Origin",
  "content-type": "text/plain",
  "date": "Mon, 08 Sep 2025 23:08:52 GMT",
  "connection": "keep-alive",
  "keep-alive": "timeout=5",
  "transfer-encoding": "chunked"
}


https://on.cypress.io/request
      at <unknown> (http://localhost:5173/__cypress/runner/cypress_runner.js:132876:72)
      at tryCatcher (http://localhost:5173/__cypress/runner/cypress_runner.js:1830:23)
      at Promise._settlePromiseFromHandler (http://localhost:5173/__cypress/runner/cypress_runner.js:1542:31)
      at Promise._settlePromise (http://localhost:5173/__cypress/runner/cypress_runner.js:1599:18)
      at Promise._settlePromise0 (http://localhost:5173/__cypress/runner/cypress_runner.js:1644:10)
      at Promise._settlePromises (http://localhost:5173/__cypress/runner/cypress_runner.js:1724:18)
      at _drainQueueStep (http://localhost:5173/__cypress/runner/cypress_runner.js:2430:12)
      at _drainQueue (http://localhost:5173/__cypress/runner/cypress_runner.js:2423:9)
      at Async._drainQueues (http://localhost:5173/__cypress/runner/cypress_runner.js:2439:5)
      at Async.drainQueues (http://localhost:5173/__cypress/runner/cypress_runner.js:2309:14)
  From Your Spec Code:
      at Context.eval (webpack://mywed360/./cypress/e2e/rsvp/rsvp_confirm_by_token.cy.js:4:7)




  (Results)

  ┌────────────────────────────────────────────────────────────────────────────────────────────────┐
  │ Tests:        1                                                                                │
  │ Passing:      0                                                                                │
  │ Failing:      1                                                                                │
  │ Pending:      0                                                                                │
  │ Skipped:      0                                                                                │
  │ Screenshots:  1                                                                                │
  │ Video:        false                                                                            │
  │ Duration:     0 seconds                                                                        │
  │ Spec Ran:     rsvp_confirm_by_token.cy.js                                                      │
  └────────────────────────────────────────────────────────────────────────────────────────────────┘


  (Screenshots)

  -  C:\Users\Administrator\Documents\Lovenda\lovenda13123123 - copia\cypress\screens     (1256x627)
     hots\rsvp_confirm_by_token.cy.js\RSVP - Confirmación por token público -- crea i               
     nvitado dev, visita enlace y confirma asistencia (failed).png                                  


====================================================================================================

  (Run Finished)


       Spec                                              Tests  Passing  Failing  Pending  Skipped  
  ┌────────────────────────────────────────────────────────────────────────────────────────────────┐
  │ ×  rsvp_confirm_by_token.cy.js              707ms        1        -        1        -        - │
  └────────────────────────────────────────────────────────────────────────────────────────────────┘
    ×  1 of 1 failed (100%)                     707ms        1        -        1        -        -  


[STDERR]

DevTools listening on ws://127.0.0.1:54359/devtools/browser/626b1580-b131-413c-b51b-d20bf9c4866f

[EXIT 1]

[2025-09-08T23:46:06.413Z] CMD: npm run cypress:run -- --spec "cypress/e2e/rsvp/rsvp_confirm_by_token.cy.js" --browser edge --headless
[STDOUT]

> mywed360@0.1.0 cypress:run
> cypress run --spec cypress/e2e/rsvp/rsvp_confirm_by_token.cy.js --browser edge --headless


Cypress could not verify that this server is running:

  > http://localhost:5173

We are verifying this server because it has been configured as your baseUrl.

Cypress automatically waits until your server is accessible before running tests.

We will try connecting to it 3 more times...
We will try connecting to it 2 more times...
We will try connecting to it 1 more time...

Cypress failed to verify that your server is running.

Please start this server and then run Cypress again.

[STDERR]

DevTools listening on ws://127.0.0.1:65177/devtools/browser/525173d0-600d-40b0-a7cf-d88dd1e35eb7

[EXIT 1]

