[2025-09-08T23:18:19.893Z] CMD: npm run cypress:run -- --spec "cypress/e2e/budget_flow.cy.js" --browser edge --headless
[STDOUT]

> mywed360@0.1.0 cypress:run
> cypress run --spec cypress/e2e/budget_flow.cy.js --browser edge --headless



====================================================================================================

  (Run Starting)

  ┌────────────────────────────────────────────────────────────────────────────────────────────────┐
  │ Cypress:        13.17.0                                                                        │
  │ Browser:        Edge 140 (headless)                                                            │
  │ Node Version:   v22.16.0 (C:\Program Files\nodejs\node.exe)                                    │
  │ Specs:          1 found (budget_flow.cy.js)                                                    │
  │ Searched:       C:\Users\Administrator\Documents\Lovenda\lovenda13123123 - copia\cypress\e2e\b │
  │                 udget_flow.cy.js                                                               │
  └────────────────────────────────────────────────────────────────────────────────────────────────┘


────────────────────────────────────────────────────────────────────────────────────────────────────
                                                                                                    
  Running:  budget_flow.cy.js                                                               (1 of 1)


  Flujo de aprobación de presupuesto de proveedor
    1) El usuario acepta un presupuesto pendiente


  0 passing (11s)
  1 failing

  1) Flujo de aprobación de presupuesto de proveedor
       El usuario acepta un presupuesto pendiente:
     CypressError: Timed out retrying after 5000ms: `cy.wait()` timed out waiting `5000ms` for the 1st request to the route: `loadBudgets`. No request ever occurred.

https://on.cypress.io/wait
      at cypressErr (http://localhost:5173/__cypress/runner/cypress_runner.js:76065:18)
      at Object.errByPath (http://localhost:5173/__cypress/runner/cypress_runner.js:76119:10)
      at checkForXhr (http://localhost:5173/__cypress/runner/cypress_runner.js:135342:84)
      at <unknown> (http://localhost:5173/__cypress/runner/cypress_runner.js:135368:28)
      at tryCatcher (http://localhost:5173/__cypress/runner/cypress_runner.js:1830:23)
      at Promise.attempt.Promise.try (http://localhost:5173/__cypress/runner/cypress_runner.js:4338:29)
      at whenStable (http://localhost:5173/__cypress/runner/cypress_runner.js:143744:68)
      at <unknown> (http://localhost:5173/__cypress/runner/cypress_runner.js:143685:14)
      at tryCatcher (http://localhost:5173/__cypress/runner/cypress_runner.js:1830:23)
      at Promise._settlePromiseFromHandler (http://localhost:5173/__cypress/runner/cypress_runner.js:1542:31)
      at Promise._settlePromise (http://localhost:5173/__cypress/runner/cypress_runner.js:1599:18)
      at Promise._settlePromise0 (http://localhost:5173/__cypress/runner/cypress_runner.js:1644:10)
      at Promise._settlePromises (http://localhost:5173/__cypress/runner/cypress_runner.js:1724:18)
      at Promise._fulfill (http://localhost:5173/__cypress/runner/cypress_runner.js:1668:18)
      at <unknown> (http://localhost:5173/__cypress/runner/cypress_runner.js:5473:46)
  From Your Spec Code:
      at Context.eval (webpack://mywed360/./cypress/e2e/budget_flow.cy.js:37:7)




  (Results)

  ┌────────────────────────────────────────────────────────────────────────────────────────────────┐
  │ Tests:        1                                                                                │
  │ Passing:      0                                                                                │
  │ Failing:      1                                                                                │
  │ Pending:      0                                                                                │
  │ Skipped:      0                                                                                │
  │ Screenshots:  1                                                                                │
  │ Video:        false                                                                            │
  │ Duration:     11 seconds                                                                       │
  │ Spec Ran:     budget_flow.cy.js                                                                │
  └────────────────────────────────────────────────────────────────────────────────────────────────┘


  (Screenshots)

  -  C:\Users\Administrator\Documents\Lovenda\lovenda13123123 - copia\cypress\screens     (1256x627)
     hots\budget_flow.cy.js\Flujo de aprobación de presupuesto de proveedor -- El usu               
     ario acepta un presupuesto pendiente (failed).png                                              


====================================================================================================

  (Run Finished)


       Spec                                              Tests  Passing  Failing  Pending  Skipped  
  ┌────────────────────────────────────────────────────────────────────────────────────────────────┐
  │ ×  budget_flow.cy.js                        00:11        1        -        1        -        - │
  └────────────────────────────────────────────────────────────────────────────────────────────────┘
    ×  1 of 1 failed (100%)                     00:11        1        -        1        -        -  


[STDERR]

DevTools listening on ws://127.0.0.1:61667/devtools/browser/d253513c-ceb2-420b-a3b0-d643ed60f18b

[EXIT 1]

[2025-09-09T14:13:59.476Z] CMD: npm run cypress:run -- --spec "cypress/e2e/budget_flow.cy.js" --browser edge --headless
[STDOUT]

> mywed360@0.1.0 cypress:run
> cypress run --spec cypress/e2e/budget_flow.cy.js --browser edge --headless


Warning: We failed to trash the existing run results.

This error will not affect or change the exit code.

Error: Command failed: C:\Users\Administrator\AppData\Local\Cypress\Cache\13.17.0\Cypress\resources\app\node_modules\trash\lib\win-trash.exe C:\Users\Administrator\Documents\Lovenda\lovenda13123123 - copia\cypress\screenshots\rsvp

    at ChildProcess.exithandler (node:child_process:419:12)
    at ChildProcess.emit (node:events:514:28)
    at maybeClose (node:internal/child_process:1091:16)
    at Process.onexit (node:internal/child_process:302:5)

====================================================================================================

  (Run Starting)

  ┌────────────────────────────────────────────────────────────────────────────────────────────────┐
  │ Cypress:        13.17.0                                                                        │
  │ Browser:        Edge 140 (headless)                                                            │
  │ Node Version:   v22.16.0 (C:\Program Files\nodejs\node.exe)                                    │
  │ Specs:          1 found (budget_flow.cy.js)                                                    │
  │ Searched:       C:\Users\Administrator\Documents\Lovenda\lovenda13123123 - copia\cypress\e2e\b │
  │                 udget_flow.cy.js                                                               │
  └────────────────────────────────────────────────────────────────────────────────────────────────┘


────────────────────────────────────────────────────────────────────────────────────────────────────
                                                                                                    
  Running:  budget_flow.cy.js                                                               (1 of 1)


  Flujo de aprobación de presupuesto de proveedor
    1) El usuario acepta un presupuesto pendiente


  0 passing (10s)
  1 failing

  1) Flujo de aprobación de presupuesto de proveedor
       El usuario acepta un presupuesto pendiente:
     CypressError: Timed out retrying after 5000ms: `cy.wait()` timed out waiting `5000ms` for the 1st request to the route: `loadBudgets`. No request ever occurred.

https://on.cypress.io/wait
      at cypressErr (http://localhost:5173/__cypress/runner/cypress_runner.js:76065:18)
      at Object.errByPath (http://localhost:5173/__cypress/runner/cypress_runner.js:76119:10)
      at checkForXhr (http://localhost:5173/__cypress/runner/cypress_runner.js:135342:84)
      at <unknown> (http://localhost:5173/__cypress/runner/cypress_runner.js:135368:28)
      at tryCatcher (http://localhost:5173/__cypress/runner/cypress_runner.js:1830:23)
      at Promise.attempt.Promise.try (http://localhost:5173/__cypress/runner/cypress_runner.js:4338:29)
      at whenStable (http://localhost:5173/__cypress/runner/cypress_runner.js:143744:68)
      at <unknown> (http://localhost:5173/__cypress/runner/cypress_runner.js:143685:14)
      at tryCatcher (http://localhost:5173/__cypress/runner/cypress_runner.js:1830:23)
      at Promise._settlePromiseFromHandler (http://localhost:5173/__cypress/runner/cypress_runner.js:1542:31)
      at Promise._settlePromise (http://localhost:5173/__cypress/runner/cypress_runner.js:1599:18)
      at Promise._settlePromise0 (http://localhost:5173/__cypress/runner/cypress_runner.js:1644:10)
      at Promise._settlePromises (http://localhost:5173/__cypress/runner/cypress_runner.js:1724:18)
      at Promise._fulfill (http://localhost:5173/__cypress/runner/cypress_runner.js:1668:18)
      at <unknown> (http://localhost:5173/__cypress/runner/cypress_runner.js:5473:46)
  From Your Spec Code:
      at Context.eval (webpack://mywed360/./cypress/e2e/budget_flow.cy.js:37:7)




  (Results)

  ┌────────────────────────────────────────────────────────────────────────────────────────────────┐
  │ Tests:        1                                                                                │
  │ Passing:      0                                                                                │
  │ Failing:      1                                                                                │
  │ Pending:      0                                                                                │
  │ Skipped:      0                                                                                │
  │ Screenshots:  1                                                                                │
  │ Video:        false                                                                            │
  │ Duration:     10 seconds                                                                       │
  │ Spec Ran:     budget_flow.cy.js                                                                │
  └────────────────────────────────────────────────────────────────────────────────────────────────┘


  (Screenshots)

  -  C:\Users\Administrator\Documents\Lovenda\lovenda13123123 - copia\cypress\screens     (1256x627)
     hots\budget_flow.cy.js\Flujo de aprobación de presupuesto de proveedor -- El usu               
     ario acepta un presupuesto pendiente (failed).png                                              


====================================================================================================

  (Run Finished)


       Spec                                              Tests  Passing  Failing  Pending  Skipped  
  ┌────────────────────────────────────────────────────────────────────────────────────────────────┐
  │ ×  budget_flow.cy.js                        00:10        1        -        1        -        - │
  └────────────────────────────────────────────────────────────────────────────────────────────────┘
    ×  1 of 1 failed (100%)                     00:10        1        -        1        -        -  


[STDERR]

DevTools listening on ws://127.0.0.1:65250/devtools/browser/a00582aa-ea83-46a4-b22e-465864e388ac

[EXIT 1]

