[2025-09-08T23:05:56.552Z] CMD: npm run cypress:run -- --spec "cypress/e2e/seating/seating_smoke.cy.js" --browser edge --headless
[STDOUT]

> mywed360@0.1.0 cypress:run
> cypress run --spec cypress/e2e/seating/seating_smoke.cy.js --browser edge --headless



====================================================================================================

  (Run Starting)

  ┌────────────────────────────────────────────────────────────────────────────────────────────────┐
  │ Cypress:        13.17.0                                                                        │
  │ Browser:        Edge 140 (headless)                                                            │
  │ Node Version:   v22.16.0 (C:\Program Files\nodejs\node.exe)                                    │
  │ Specs:          1 found (seating_smoke.cy.js)                                                  │
  │ Searched:       C:\Users\Administrator\Documents\Lovenda\lovenda13123123 - copia\cypress\e2e\s │
  │                 eating\seating_smoke.cy.js                                                     │
  └────────────────────────────────────────────────────────────────────────────────────────────────┘


────────────────────────────────────────────────────────────────────────────────────────────────────
                                                                                                    
  Running:  seating_smoke.cy.js                                                             (1 of 1)


  Seating Plan - Smoke E2E
    1) renderiza, genera layout vía Plantillas, dibuja área y undo/redo sin romper


  0 passing (10s)
  1 failing

  1) Seating Plan - Smoke E2E
       renderiza, genera layout vía Plantillas, dibuja área y undo/redo sin romper:
     AssertionError: Timed out retrying after 4000ms: Expected to find element: `button[title="Plantillas"]`, but never found it.
      at Context.eval (webpack://mywed360/./cypress/e2e/seating/seating_smoke.cy.js:11:7)




  (Results)

  ┌────────────────────────────────────────────────────────────────────────────────────────────────┐
  │ Tests:        1                                                                                │
  │ Passing:      0                                                                                │
  │ Failing:      1                                                                                │
  │ Pending:      0                                                                                │
  │ Skipped:      0                                                                                │
  │ Screenshots:  1                                                                                │
  │ Video:        false                                                                            │
  │ Duration:     10 seconds                                                                       │
  │ Spec Ran:     seating_smoke.cy.js                                                              │
  └────────────────────────────────────────────────────────────────────────────────────────────────┘


  (Screenshots)

  -  C:\Users\Administrator\Documents\Lovenda\lovenda13123123 - copia\cypress\screens     (1256x627)
     hots\seating_smoke.cy.js\Seating Plan - Smoke E2E -- renderiza, genera layout ví               
     a Plantillas, dibuja área y undoredo sin romper (failed).png                                   


====================================================================================================

  (Run Finished)


       Spec                                              Tests  Passing  Failing  Pending  Skipped  
  ┌────────────────────────────────────────────────────────────────────────────────────────────────┐
  │ ×  seating_smoke.cy.js                      00:10        1        -        1        -        - │
  └────────────────────────────────────────────────────────────────────────────────────────────────┘
    ×  1 of 1 failed (100%)                     00:10        1        -        1        -        -  


[STDERR]

DevTools listening on ws://127.0.0.1:52764/devtools/browser/fd029939-4bd1-4ebe-a8f6-85071f2a5583

[EXIT 1]

[2025-09-08T23:10:59.472Z] CMD: npm run cypress:run -- --spec "cypress/e2e/seating/seating_smoke.cy.js" --browser edge --headless
[STDOUT]

> mywed360@0.1.0 cypress:run
> cypress run --spec cypress/e2e/seating/seating_smoke.cy.js --browser edge --headless



====================================================================================================

  (Run Starting)

  ┌────────────────────────────────────────────────────────────────────────────────────────────────┐
  │ Cypress:        13.17.0                                                                        │
  │ Browser:        Edge 140 (headless)                                                            │
  │ Node Version:   v22.16.0 (C:\Program Files\nodejs\node.exe)                                    │
  │ Specs:          1 found (seating_smoke.cy.js)                                                  │
  │ Searched:       C:\Users\Administrator\Documents\Lovenda\lovenda13123123 - copia\cypress\e2e\s │
  │                 eating\seating_smoke.cy.js                                                     │
  └────────────────────────────────────────────────────────────────────────────────────────────────┘


────────────────────────────────────────────────────────────────────────────────────────────────────
                                                                                                    
  Running:  seating_smoke.cy.js                                                             (1 of 1)


  Seating Plan - Smoke E2E
    1) renderiza, genera layout vía Plantillas, dibuja área y undo/redo sin romper


  0 passing (11s)
  1 failing

  1) Seating Plan - Smoke E2E
       renderiza, genera layout vía Plantillas, dibuja área y undo/redo sin romper:
     AssertionError: Timed out retrying after 4000ms: Expected to find element: `button[title="Plantillas"]`, but never found it.
      at Context.eval (webpack://mywed360/./cypress/e2e/seating/seating_smoke.cy.js:11:7)




  (Results)

  ┌────────────────────────────────────────────────────────────────────────────────────────────────┐
  │ Tests:        1                                                                                │
  │ Passing:      0                                                                                │
  │ Failing:      1                                                                                │
  │ Pending:      0                                                                                │
  │ Skipped:      0                                                                                │
  │ Screenshots:  1                                                                                │
  │ Video:        false                                                                            │
  │ Duration:     10 seconds                                                                       │
  │ Spec Ran:     seating_smoke.cy.js                                                              │
  └────────────────────────────────────────────────────────────────────────────────────────────────┘


  (Screenshots)

  -  C:\Users\Administrator\Documents\Lovenda\lovenda13123123 - copia\cypress\screens     (1256x627)
     hots\seating_smoke.cy.js\Seating Plan - Smoke E2E -- renderiza, genera layout ví               
     a Plantillas, dibuja área y undoredo sin romper (failed).png                                   


====================================================================================================

  (Run Finished)


       Spec                                              Tests  Passing  Failing  Pending  Skipped  
  ┌────────────────────────────────────────────────────────────────────────────────────────────────┐
  │ ×  seating_smoke.cy.js                      00:10        1        -        1        -        - │
  └────────────────────────────────────────────────────────────────────────────────────────────────┘
    ×  1 of 1 failed (100%)                     00:10        1        -        1        -        -  


[STDERR]

DevTools listening on ws://127.0.0.1:55822/devtools/browser/32c6160d-d399-48e2-8a45-2eadca920654

[EXIT 1]

