[2025-09-08T23:07:55.499Z] CMD: npm run cypress:run -- --spec "cypress/e2e/seating/seating_aisle_min.cy.js" --browser edge --headless
[STDOUT]

> mywed360@0.1.0 cypress:run
> cypress run --spec cypress/e2e/seating/seating_aisle_min.cy.js --browser edge --headless



====================================================================================================

  (Run Starting)

  ┌────────────────────────────────────────────────────────────────────────────────────────────────┐
  │ Cypress:        13.17.0                                                                        │
  │ Browser:        Edge 140 (headless)                                                            │
  │ Node Version:   v22.16.0 (C:\Program Files\nodejs\node.exe)                                    │
  │ Specs:          1 found (seating_aisle_min.cy.js)                                              │
  │ Searched:       C:\Users\Administrator\Documents\Lovenda\lovenda13123123 - copia\cypress\e2e\s │
  │                 eating\seating_aisle_min.cy.js                                                 │
  └────────────────────────────────────────────────────────────────────────────────────────────────┘


────────────────────────────────────────────────────────────────────────────────────────────────────
                                                                                                    
  Running:  seating_aisle_min.cy.js                                                         (1 of 1)


  Seating Plan - Pasillo mínimo afecta separación
    1) con aisleMin=200 el gap mínimo entre mesas es mayor que con 80


  0 passing (10s)
  1 failing

  1) Seating Plan - Pasillo mínimo afecta separación
       con aisleMin=200 el gap mínimo entre mesas es mayor que con 80:
     AssertionError: Timed out retrying after 4000ms: Expected to find element: `button[title="Plantillas"]`, but never found it.
      at Context.eval (webpack://mywed360/./cypress/e2e/seating/seating_aisle_min.cy.js:34:41)




  (Results)

  ┌────────────────────────────────────────────────────────────────────────────────────────────────┐
  │ Tests:        1                                                                                │
  │ Passing:      0                                                                                │
  │ Failing:      1                                                                                │
  │ Pending:      0                                                                                │
  │ Skipped:      0                                                                                │
  │ Screenshots:  1                                                                                │
  │ Video:        false                                                                            │
  │ Duration:     10 seconds                                                                       │
  │ Spec Ran:     seating_aisle_min.cy.js                                                          │
  └────────────────────────────────────────────────────────────────────────────────────────────────┘


  (Screenshots)

  -  C:\Users\Administrator\Documents\Lovenda\lovenda13123123 - copia\cypress\screens     (1256x627)
     hots\seating_aisle_min.cy.js\Seating Plan - Pasillo mínimo afecta separación --                
     con aisleMin=200 el gap mínimo entre mesas es mayor que con 80 (failed).png                    


====================================================================================================

  (Run Finished)


       Spec                                              Tests  Passing  Failing  Pending  Skipped  
  ┌────────────────────────────────────────────────────────────────────────────────────────────────┐
  │ ×  seating_aisle_min.cy.js                  00:10        1        -        1        -        - │
  └────────────────────────────────────────────────────────────────────────────────────────────────┘
    ×  1 of 1 failed (100%)                     00:10        1        -        1        -        -  


[STDERR]

DevTools listening on ws://127.0.0.1:53749/devtools/browser/de92ffac-1fcf-4d9b-b9b3-9c46d05882e4

[EXIT 1]

[2025-09-08T23:13:05.603Z] CMD: npm run cypress:run -- --spec "cypress/e2e/seating/seating_aisle_min.cy.js" --browser edge --headless
[STDOUT]

> mywed360@0.1.0 cypress:run
> cypress run --spec cypress/e2e/seating/seating_aisle_min.cy.js --browser edge --headless



====================================================================================================

  (Run Starting)

  ┌────────────────────────────────────────────────────────────────────────────────────────────────┐
  │ Cypress:        13.17.0                                                                        │
  │ Browser:        Edge 140 (headless)                                                            │
  │ Node Version:   v22.16.0 (C:\Program Files\nodejs\node.exe)                                    │
  │ Specs:          1 found (seating_aisle_min.cy.js)                                              │
  │ Searched:       C:\Users\Administrator\Documents\Lovenda\lovenda13123123 - copia\cypress\e2e\s │
  │                 eating\seating_aisle_min.cy.js                                                 │
  └────────────────────────────────────────────────────────────────────────────────────────────────┘


────────────────────────────────────────────────────────────────────────────────────────────────────
                                                                                                    
  Running:  seating_aisle_min.cy.js                                                         (1 of 1)


  Seating Plan - Pasillo mínimo afecta separación
    1) con aisleMin=200 el gap mínimo entre mesas es mayor que con 80


  0 passing (12s)
  1 failing

  1) Seating Plan - Pasillo mínimo afecta separación
       con aisleMin=200 el gap mínimo entre mesas es mayor que con 80:
     AssertionError: Timed out retrying after 4000ms: Expected to find element: `button[title="Plantillas"]`, but never found it.
      at Context.eval (webpack://mywed360/./cypress/e2e/seating/seating_aisle_min.cy.js:34:41)




  (Results)

  ┌────────────────────────────────────────────────────────────────────────────────────────────────┐
  │ Tests:        1                                                                                │
  │ Passing:      0                                                                                │
  │ Failing:      1                                                                                │
  │ Pending:      0                                                                                │
  │ Skipped:      0                                                                                │
  │ Screenshots:  1                                                                                │
  │ Video:        false                                                                            │
  │ Duration:     12 seconds                                                                       │
  │ Spec Ran:     seating_aisle_min.cy.js                                                          │
  └────────────────────────────────────────────────────────────────────────────────────────────────┘


  (Screenshots)

  -  C:\Users\Administrator\Documents\Lovenda\lovenda13123123 - copia\cypress\screens     (1256x627)
     hots\seating_aisle_min.cy.js\Seating Plan - Pasillo mínimo afecta separación --                
     con aisleMin=200 el gap mínimo entre mesas es mayor que con 80 (failed).png                    


====================================================================================================

  (Run Finished)


       Spec                                              Tests  Passing  Failing  Pending  Skipped  
  ┌────────────────────────────────────────────────────────────────────────────────────────────────┐
  │ ×  seating_aisle_min.cy.js                  00:12        1        -        1        -        - │
  └────────────────────────────────────────────────────────────────────────────────────────────────┘
    ×  1 of 1 failed (100%)                     00:12        1        -        1        -        -  


[STDERR]

DevTools listening on ws://127.0.0.1:57652/devtools/browser/56b4ae63-e334-47c1-8f4c-f306381f0b81

[EXIT 1]

