[2025-09-08T23:17:44.969Z] CMD: npm run cypress:run -- --spec "cypress/e2e/email/ai-provider-email.cy.js" --browser edge --headless
[STDOUT]

> mywed360@0.1.0 cypress:run
> cypress run --spec cypress/e2e/email/ai-provider-email.cy.js --browser edge --headless



====================================================================================================

  (Run Starting)

  ┌────────────────────────────────────────────────────────────────────────────────────────────────┐
  │ Cypress:        13.17.0                                                                        │
  │ Browser:        Edge 140 (headless)                                                            │
  │ Node Version:   v22.16.0 (C:\Program Files\nodejs\node.exe)                                    │
  │ Specs:          1 found (ai-provider-email.cy.js)                                              │
  │ Searched:       C:\Users\Administrator\Documents\Lovenda\lovenda13123123 - copia\cypress\e2e\e │
  │                 mail\ai-provider-email.cy.js                                                   │
  └────────────────────────────────────────────────────────────────────────────────────────────────┘


────────────────────────────────────────────────────────────────────────────────────────────────────
                                                                                                    
  Running:  ai-provider-email.cy.js                                                         (1 of 1)


  Flujo de envío de correos desde búsqueda AI de proveedores (CP-EP-07)
    1) debe permitir buscar proveedores con IA, seleccionar uno y enviarle un correo
    2) debe manejar errores en el envío de correos desde búsqueda AI
    3) debe permitir cancelar el envío del correo


  0 passing (34s)
  3 failing

  1) Flujo de envío de correos desde búsqueda AI de proveedores (CP-EP-07)
       debe permitir buscar proveedores con IA, seleccionar uno y enviarle un correo:
     AssertionError: Timed out retrying after 4000ms: Expected to find element: `[data-testid="open-ai-search"]`, but never found it.
      at Context.eval (webpack://mywed360/./cypress/e2e/email/ai-provider-email.cy.js:48:7)

  2) Flujo de envío de correos desde búsqueda AI de proveedores (CP-EP-07)
       debe manejar errores en el envío de correos desde búsqueda AI:
     AssertionError: Timed out retrying after 4000ms: Expected to find element: `[data-testid="open-ai-search"]`, but never found it.
      at Context.eval (webpack://mywed360/./cypress/e2e/email/ai-provider-email.cy.js:114:7)

  3) Flujo de envío de correos desde búsqueda AI de proveedores (CP-EP-07)
       debe permitir cancelar el envío del correo:
     AssertionError: Timed out retrying after 4000ms: Expected to find element: `[data-testid="open-ai-search"]`, but never found it.
      at Context.eval (webpack://mywed360/./cypress/e2e/email/ai-provider-email.cy.js:145:7)




  (Results)

  ┌────────────────────────────────────────────────────────────────────────────────────────────────┐
  │ Tests:        3                                                                                │
  │ Passing:      0                                                                                │
  │ Failing:      3                                                                                │
  │ Pending:      0                                                                                │
  │ Skipped:      0                                                                                │
  │ Screenshots:  3                                                                                │
  │ Video:        false                                                                            │
  │ Duration:     33 seconds                                                                       │
  │ Spec Ran:     ai-provider-email.cy.js                                                          │
  └────────────────────────────────────────────────────────────────────────────────────────────────┘


  (Screenshots)

  -  C:\Users\Administrator\Documents\Lovenda\lovenda13123123 - copia\cypress\screens     (1256x627)
     hots\ai-provider-email.cy.js\Flujo de envío de correos desde búsqueda AI de prov               
     eedores (CP-EP-07) -- debe permitir buscar proveedores con IA, seleccionar uno y               
      enviarle un correo (failed).png                                                               
  -  C:\Users\Administrator\Documents\Lovenda\lovenda13123123 - copia\cypress\screens     (1256x627)
     hots\ai-provider-email.cy.js\Flujo de envío de correos desde búsqueda AI de prov               
     eedores (CP-EP-07) -- debe manejar errores en el envío de correos desde búsqueda               
      AI (failed).png                                                                               
  -  C:\Users\Administrator\Documents\Lovenda\lovenda13123123 - copia\cypress\screens     (1256x627)
     hots\ai-provider-email.cy.js\Flujo de envío de correos desde búsqueda AI de prov               
     eedores (CP-EP-07) -- debe permitir cancelar el envío del correo (failed).png                  


====================================================================================================

  (Run Finished)


       Spec                                              Tests  Passing  Failing  Pending  Skipped  
  ┌────────────────────────────────────────────────────────────────────────────────────────────────┐
  │ ×  ai-provider-email.cy.js                  00:33        3        -        3        -        - │
  └────────────────────────────────────────────────────────────────────────────────────────────────┘
    ×  1 of 1 failed (100%)                     00:33        3        -        3        -        -  


[STDERR]

DevTools listening on ws://127.0.0.1:61024/devtools/browser/d96eea9e-7ec9-47fa-9ce8-1941f391cd7d

[EXIT 3]

