[2025-09-08T23:07:18.480Z] CMD: node scripts/rsvpScheduler.cjs --dryRun=true --limit=50 --minIntervalMinutes=1440
[STDOUT]
[rsvpScheduler] BACKEND = https://mywed360-backend.onrender.com opts = { dryRun: true, limit: 50, minIntervalMinutes: 1440, force: false }
[rsvpScheduler] No weddings found (firestore/env)
[rsvpScheduler] No weddings to process

[STDERR]
(node:10776) [MODULE_TYPELESS_PACKAGE_JSON] Warning: Module type of file:///C:/Users/Administrator/Documents/Lovenda/lovenda13123123%20-%20copia/scripts/rsvpScheduler.js is not specified and it doesn't parse as CommonJS.
Reparsing as ES module because module syntax was detected. This incurs a performance overhead.
To eliminate this warning, add "type": "module" to C:\Users\Administrator\Documents\Lovenda\lovenda13123123 - copia\package.json.
(Use `node --trace-warnings ...` to show where the warning was created)
[ensure-planner] status 404
[rsvpScheduler] Firestore list weddings failed: Unable to detect a Project Id in the current environment. 
To learn more about authentication and Google APIs, visit: 
https://cloud.google.com/docs/authentication/getting-started

[EXIT 0]

[2025-09-09T12:25:01.368Z] CMD: node scripts/rsvpScheduler.cjs --dryRun=true --limit=50 --minIntervalMinutes=1440
[STDOUT]
[rsvpScheduler] BACKEND = https://mywed360-backend.onrender.com opts = { dryRun: true, limit: 50, minIntervalMinutes: 1440, force: false }
[rsvpScheduler] No weddings found (firestore/env)
[rsvpScheduler] No weddings to process

[STDERR]
(node:4744) [MODULE_TYPELESS_PACKAGE_JSON] Warning: Module type of file:///C:/Users/Administrator/Documents/Lovenda/lovenda13123123%20-%20copia/scripts/rsvpScheduler.js is not specified and it doesn't parse as CommonJS.
Reparsing as ES module because module syntax was detected. This incurs a performance overhead.
To eliminate this warning, add "type": "module" to C:\Users\Administrator\Documents\Lovenda\lovenda13123123 - copia\package.json.
(Use `node --trace-warnings ...` to show where the warning was created)
[ensure-planner] status 404
[rsvpScheduler] Firestore list weddings failed: Unable to detect a Project Id in the current environment. 
To learn more about authentication and Google APIs, visit: 
https://cloud.google.com/docs/authentication/getting-started

[EXIT 0]

